{"/home/hxfme/Documents/MyRepos/bridgeInChallenge/frontend/src/api/axios.ts": {"path":"/home/hxfme/Documents/MyRepos/bridgeInChallenge/frontend/src/api/axios.ts","statementMap":{"0":{"start":{"line":3,"column":12},"end":{"line":6,"column":null}},"1":{"start":{"line":9,"column":2},"end":{"line":9,"column":null}},"2":{"start":{"line":13,"column":2},"end":{"line":13,"column":null}},"3":{"start":{"line":17,"column":2},"end":{"line":17,"column":null}},"4":{"start":{"line":20,"column":0},"end":{"line":54,"column":null}},"5":{"start":{"line":21,"column":16},"end":{"line":21,"column":null}},"6":{"start":{"line":23,"column":27},"end":{"line":23,"column":null}},"7":{"start":{"line":25,"column":4},"end":{"line":50,"column":null}},"8":{"start":{"line":30,"column":27},"end":{"line":30,"column":null}},"9":{"start":{"line":32,"column":6},"end":{"line":34,"column":null}},"10":{"start":{"line":33,"column":8},"end":{"line":33,"column":null}},"11":{"start":{"line":36,"column":7},"end":{"line":36,"column":null}},"12":{"start":{"line":38,"column":6},"end":{"line":49,"column":null}},"13":{"start":{"line":39,"column":25},"end":{"line":43,"column":null}},"14":{"start":{"line":44,"column":8},"end":{"line":44,"column":null}},"15":{"start":{"line":45,"column":8},"end":{"line":45,"column":null}},"16":{"start":{"line":47,"column":8},"end":{"line":47,"column":null}},"17":{"start":{"line":48,"column":8},"end":{"line":48,"column":null}},"18":{"start":{"line":52,"column":4},"end":{"line":52,"column":null}}},"fnMap":{"0":{"name":"setRefreshToken","decl":{"start":{"line":8,"column":16},"end":{"line":8,"column":32}},"loc":{"start":{"line":8,"column":53},"end":{"line":10,"column":null}},"line":8},"1":{"name":"getRefreshToken","decl":{"start":{"line":12,"column":16},"end":{"line":12,"column":49}},"loc":{"start":{"line":12,"column":49},"end":{"line":14,"column":null}},"line":12},"2":{"name":"clearRefreshToken","decl":{"start":{"line":16,"column":16},"end":{"line":16,"column":42}},"loc":{"start":{"line":16,"column":42},"end":{"line":18,"column":null}},"line":16},"3":{"name":"(anonymous_3)","decl":{"start":{"line":21,"column":2},"end":{"line":21,"column":3}},"loc":{"start":{"line":21,"column":16},"end":{"line":21,"column":null}},"line":21},"4":{"name":"(anonymous_4)","decl":{"start":{"line":22,"column":2},"end":{"line":22,"column":9}},"loc":{"start":{"line":22,"column":19},"end":{"line":53,"column":null}},"line":22}},"branchMap":{"0":{"loc":{"start":{"line":4,"column":11},"end":{"line":4,"column":null}},"type":"binary-expr","locations":[{"start":{"line":4,"column":11},"end":{"line":4,"column":43}},{"start":{"line":4,"column":43},"end":{"line":4,"column":null}}],"line":4},"1":{"loc":{"start":{"line":25,"column":4},"end":{"line":50,"column":null}},"type":"if","locations":[{"start":{"line":25,"column":4},"end":{"line":50,"column":null}},{"start":{},"end":{}}],"line":25},"2":{"loc":{"start":{"line":26,"column":6},"end":{"line":28,"column":null}},"type":"binary-expr","locations":[{"start":{"line":26,"column":6},"end":{"line":26,"column":null}},{"start":{"line":27,"column":6},"end":{"line":27,"column":null}},{"start":{"line":28,"column":6},"end":{"line":28,"column":null}}],"line":26},"3":{"loc":{"start":{"line":32,"column":6},"end":{"line":34,"column":null}},"type":"if","locations":[{"start":{"line":32,"column":6},"end":{"line":34,"column":null}},{"start":{},"end":{}}],"line":32}},"s":{"0":1,"1":6,"2":6,"3":2,"4":1,"5":4,"6":8,"7":8,"8":4,"9":4,"10":1,"11":3,"12":3,"13":3,"14":2,"15":2,"16":1,"17":1,"18":4},"f":{"0":6,"1":6,"2":2,"3":4,"4":8},"b":{"0":[1,1],"1":[4,4],"2":[8,7,5],"3":[1,3]},"meta":{"lastBranch":4,"lastFunction":5,"lastStatement":19,"seen":{"s:3:12:6:Infinity":0,"b:4:11:4:43:4:43:4:Infinity":0,"f:8:16:8:32":0,"s:9:2:9:Infinity":1,"f:12:16:12:49":1,"s:13:2:13:Infinity":2,"f:16:16:16:42":2,"s:17:2:17:Infinity":3,"s:20:0:54:Infinity":4,"f:21:2:21:3":3,"s:21:16:21:Infinity":5,"f:22:2:22:9":4,"s:23:27:23:Infinity":6,"b:25:4:50:Infinity:undefined:undefined:undefined:undefined":1,"s:25:4:50:Infinity":7,"b:26:6:26:Infinity:27:6:27:Infinity:28:6:28:Infinity":2,"s:30:27:30:Infinity":8,"b:32:6:34:Infinity:undefined:undefined:undefined:undefined":3,"s:32:6:34:Infinity":9,"s:33:8:33:Infinity":10,"s:36:7:36:Infinity":11,"s:38:6:49:Infinity":12,"s:39:25:43:Infinity":13,"s:44:8:44:Infinity":14,"s:45:8:45:Infinity":15,"s:47:8:47:Infinity":16,"s:48:8:48:Infinity":17,"s:52:4:52:Infinity":18}}}
,"/home/hxfme/Documents/MyRepos/bridgeInChallenge/frontend/src/contexts/AuthContext.tsx": {"path":"/home/hxfme/Documents/MyRepos/bridgeInChallenge/frontend/src/contexts/AuthContext.tsx","statementMap":{"0":{"start":{"line":13,"column":6},"end":{"line":13,"column":null}},"1":{"start":{"line":16,"column":22},"end":{"line":16,"column":null}},"2":{"start":{"line":17,"column":32},"end":{"line":17,"column":null}},"3":{"start":{"line":18,"column":32},"end":{"line":18,"column":null}},"4":{"start":{"line":20,"column":8},"end":{"line":25,"column":null}},"5":{"start":{"line":21,"column":4},"end":{"line":21,"column":null}},"6":{"start":{"line":22,"column":4},"end":{"line":22,"column":null}},"7":{"start":{"line":23,"column":4},"end":{"line":23,"column":null}},"8":{"start":{"line":24,"column":4},"end":{"line":24,"column":null}},"9":{"start":{"line":27,"column":8},"end":{"line":33,"column":null}},"10":{"start":{"line":28,"column":4},"end":{"line":32,"column":null}},"11":{"start":{"line":29,"column":6},"end":{"line":29,"column":null}},"12":{"start":{"line":30,"column":6},"end":{"line":30,"column":null}},"13":{"start":{"line":31,"column":6},"end":{"line":31,"column":null}},"14":{"start":{"line":36,"column":2},"end":{"line":47,"column":null}},"15":{"start":{"line":37,"column":4},"end":{"line":40,"column":null}},"16":{"start":{"line":38,"column":6},"end":{"line":38,"column":null}},"17":{"start":{"line":39,"column":6},"end":{"line":39,"column":null}},"18":{"start":{"line":41,"column":4},"end":{"line":46,"column":null}},"19":{"start":{"line":46,"column":21},"end":{"line":46,"column":40}},"20":{"start":{"line":52,"column":2},"end":{"line":69,"column":null}},"21":{"start":{"line":53,"column":4},"end":{"line":53,"column":null}},"22":{"start":{"line":53,"column":29},"end":{"line":53,"column":null}},"23":{"start":{"line":55,"column":27},"end":{"line":55,"column":null}},"24":{"start":{"line":56,"column":18},"end":{"line":56,"column":null}},"25":{"start":{"line":58,"column":4},"end":{"line":62,"column":null}},"26":{"start":{"line":60,"column":6},"end":{"line":60,"column":null}},"27":{"start":{"line":61,"column":6},"end":{"line":61,"column":null}},"28":{"start":{"line":64,"column":22},"end":{"line":66,"column":null}},"29":{"start":{"line":65,"column":6},"end":{"line":65,"column":null}},"30":{"start":{"line":68,"column":4},"end":{"line":68,"column":null}},"31":{"start":{"line":68,"column":17},"end":{"line":68,"column":null}},"32":{"start":{"line":71,"column":2},"end":{"line":74,"column":null}},"33":{"start":{"line":79,"column":8},"end":{"line":79,"column":null}},"34":{"start":{"line":80,"column":2},"end":{"line":80,"column":null}},"35":{"start":{"line":80,"column":12},"end":{"line":80,"column":null}},"36":{"start":{"line":81,"column":2},"end":{"line":81,"column":null}}},"fnMap":{"0":{"name":"AuthProvider","decl":{"start":{"line":15,"column":16},"end":{"line":15,"column":29}},"loc":{"start":{"line":15,"column":74},"end":{"line":76,"column":null}},"line":15},"1":{"name":"(anonymous_1)","decl":{"start":{"line":20,"column":30},"end":{"line":20,"column":36}},"loc":{"start":{"line":20,"column":36},"end":{"line":25,"column":5}},"line":20},"2":{"name":"(anonymous_2)","decl":{"start":{"line":21,"column":23},"end":{"line":21,"column":29}},"loc":{"start":{"line":21,"column":29},"end":{"line":21,"column":31}},"line":21},"3":{"name":"(anonymous_3)","decl":{"start":{"line":27,"column":36},"end":{"line":27,"column":37}},"loc":{"start":{"line":27,"column":66},"end":{"line":33,"column":5}},"line":27},"4":{"name":"(anonymous_4)","decl":{"start":{"line":36,"column":12},"end":{"line":36,"column":18}},"loc":{"start":{"line":36,"column":18},"end":{"line":47,"column":5}},"line":36},"5":{"name":"(anonymous_5)","decl":{"start":{"line":43,"column":13},"end":{"line":43,"column":19}},"loc":{"start":{"line":43,"column":19},"end":{"line":45,"column":7}},"line":43},"6":{"name":"(anonymous_6)","decl":{"start":{"line":46,"column":15},"end":{"line":46,"column":21}},"loc":{"start":{"line":46,"column":21},"end":{"line":46,"column":40}},"line":46},"7":{"name":"(anonymous_7)","decl":{"start":{"line":52,"column":12},"end":{"line":52,"column":18}},"loc":{"start":{"line":52,"column":18},"end":{"line":69,"column":5}},"line":52},"8":{"name":"(anonymous_8)","decl":{"start":{"line":64,"column":33},"end":{"line":64,"column":39}},"loc":{"start":{"line":64,"column":39},"end":{"line":66,"column":7}},"line":64},"9":{"name":"(anonymous_9)","decl":{"start":{"line":68,"column":11},"end":{"line":68,"column":17}},"loc":{"start":{"line":68,"column":17},"end":{"line":68,"column":null}},"line":68},"10":{"name":"useAuthContext","decl":{"start":{"line":78,"column":16},"end":{"line":78,"column":51}},"loc":{"start":{"line":78,"column":51},"end":{"line":82,"column":null}},"line":78}},"branchMap":{"0":{"loc":{"start":{"line":28,"column":4},"end":{"line":32,"column":null}},"type":"if","locations":[{"start":{"line":28,"column":4},"end":{"line":32,"column":null}},{"start":{},"end":{}}],"line":28},"1":{"loc":{"start":{"line":37,"column":4},"end":{"line":40,"column":null}},"type":"if","locations":[{"start":{"line":37,"column":4},"end":{"line":40,"column":null}},{"start":{},"end":{}}],"line":37},"2":{"loc":{"start":{"line":53,"column":4},"end":{"line":53,"column":null}},"type":"if","locations":[{"start":{"line":53,"column":4},"end":{"line":53,"column":null}},{"start":{},"end":{}}],"line":53},"3":{"loc":{"start":{"line":53,"column":8},"end":{"line":53,"column":29}},"type":"binary-expr","locations":[{"start":{"line":53,"column":8},"end":{"line":53,"column":17}},{"start":{"line":53,"column":17},"end":{"line":53,"column":29}}],"line":53},"4":{"loc":{"start":{"line":55,"column":36},"end":{"line":55,"column":113}},"type":"binary-expr","locations":[{"start":{"line":55,"column":36},"end":{"line":55,"column":111}},{"start":{"line":55,"column":111},"end":{"line":55,"column":113}}],"line":55},"5":{"loc":{"start":{"line":58,"column":4},"end":{"line":62,"column":null}},"type":"if","locations":[{"start":{"line":58,"column":4},"end":{"line":62,"column":null}},{"start":{},"end":{}}],"line":58},"6":{"loc":{"start":{"line":80,"column":2},"end":{"line":80,"column":null}},"type":"if","locations":[{"start":{"line":80,"column":2},"end":{"line":80,"column":null}},{"start":{},"end":{}}],"line":80}},"s":{"0":1,"1":21,"2":21,"3":21,"4":21,"5":2,"6":2,"7":2,"8":2,"9":21,"10":5,"11":4,"12":4,"13":4,"14":21,"15":9,"16":5,"17":5,"18":4,"19":4,"20":21,"21":14,"22":10,"23":4,"24":14,"25":14,"26":0,"27":0,"28":4,"29":0,"30":4,"31":4,"32":21,"33":22,"34":22,"35":2,"36":20},"f":{"0":21,"1":2,"2":0,"3":5,"4":9,"5":1,"6":4,"7":14,"8":0,"9":4,"10":22},"b":{"0":[4,1],"1":[5,4],"2":[10,4],"3":[14,4],"4":[4,0],"5":[0,14],"6":[2,20]},"meta":{"lastBranch":7,"lastFunction":11,"lastStatement":37,"seen":{"s:13:6:13:Infinity":0,"f:15:16:15:29":0,"s:16:22:16:Infinity":1,"s:17:32:17:Infinity":2,"s:18:32:18:Infinity":3,"s:20:8:25:Infinity":4,"f:20:30:20:36":1,"s:21:4:21:Infinity":5,"f:21:23:21:29":2,"s:22:4:22:Infinity":6,"s:23:4:23:Infinity":7,"s:24:4:24:Infinity":8,"s:27:8:33:Infinity":9,"f:27:36:27:37":3,"b:28:4:32:Infinity:undefined:undefined:undefined:undefined":0,"s:28:4:32:Infinity":10,"s:29:6:29:Infinity":11,"s:30:6:30:Infinity":12,"s:31:6:31:Infinity":13,"s:36:2:47:Infinity":14,"f:36:12:36:18":4,"b:37:4:40:Infinity:undefined:undefined:undefined:undefined":1,"s:37:4:40:Infinity":15,"s:38:6:38:Infinity":16,"s:39:6:39:Infinity":17,"s:41:4:46:Infinity":18,"f:43:13:43:19":5,"f:46:15:46:21":6,"s:46:21:46:40":19,"s:52:2:69:Infinity":20,"f:52:12:52:18":7,"b:53:4:53:Infinity:undefined:undefined:undefined:undefined":2,"s:53:4:53:Infinity":21,"b:53:8:53:17:53:17:53:29":3,"s:53:29:53:Infinity":22,"s:55:27:55:Infinity":23,"b:55:36:55:111:55:111:55:113":4,"s:56:18:56:Infinity":24,"b:58:4:62:Infinity:undefined:undefined:undefined:undefined":5,"s:58:4:62:Infinity":25,"s:60:6:60:Infinity":26,"s:61:6:61:Infinity":27,"s:64:22:66:Infinity":28,"f:64:33:64:39":8,"s:65:6:65:Infinity":29,"s:68:4:68:Infinity":30,"f:68:11:68:17":9,"s:68:17:68:Infinity":31,"s:71:2:74:Infinity":32,"f:78:16:78:51":10,"s:79:8:79:Infinity":33,"b:80:2:80:Infinity:undefined:undefined:undefined:undefined":6,"s:80:2:80:Infinity":34,"s:80:12:80:Infinity":35,"s:81:2:81:Infinity":36}}}
,"/home/hxfme/Documents/MyRepos/bridgeInChallenge/frontend/src/hooks/useIsReportsRoute.ts": {"path":"/home/hxfme/Documents/MyRepos/bridgeInChallenge/frontend/src/hooks/useIsReportsRoute.ts","statementMap":{"0":{"start":{"line":4,"column":8},"end":{"line":4,"column":null}},"1":{"start":{"line":5,"column":2},"end":{"line":5,"column":null}}},"fnMap":{"0":{"name":"useIsReportsRoute","decl":{"start":{"line":3,"column":24},"end":{"line":3,"column":53}},"loc":{"start":{"line":3,"column":53},"end":{"line":6,"column":null}},"line":3}},"branchMap":{},"s":{"0":4,"1":4},"f":{"0":4},"b":{},"meta":{"lastBranch":0,"lastFunction":1,"lastStatement":2,"seen":{"f:3:24:3:53":0,"s:4:8:4:Infinity":0,"s:5:2:5:Infinity":1}}}
,"/home/hxfme/Documents/MyRepos/bridgeInChallenge/frontend/src/hooks/useLocalStorage.ts": {"path":"/home/hxfme/Documents/MyRepos/bridgeInChallenge/frontend/src/hooks/useLocalStorage.ts","statementMap":{"0":{"start":{"line":4,"column":36},"end":{"line":11,"column":null}},"1":{"start":{"line":5,"column":4},"end":{"line":10,"column":null}},"2":{"start":{"line":6,"column":19},"end":{"line":6,"column":null}},"3":{"start":{"line":7,"column":6},"end":{"line":7,"column":null}},"4":{"start":{"line":9,"column":6},"end":{"line":9,"column":null}},"5":{"start":{"line":13,"column":8},"end":{"line":21,"column":null}},"6":{"start":{"line":14,"column":4},"end":{"line":20,"column":null}},"7":{"start":{"line":15,"column":27},"end":{"line":15,"column":null}},"8":{"start":{"line":16,"column":6},"end":{"line":16,"column":null}},"9":{"start":{"line":17,"column":6},"end":{"line":17,"column":null}},"10":{"start":{"line":19,"column":6},"end":{"line":19,"column":null}},"11":{"start":{"line":23,"column":8},"end":{"line":30,"column":null}},"12":{"start":{"line":24,"column":4},"end":{"line":29,"column":null}},"13":{"start":{"line":25,"column":6},"end":{"line":25,"column":null}},"14":{"start":{"line":26,"column":6},"end":{"line":26,"column":null}},"15":{"start":{"line":28,"column":6},"end":{"line":28,"column":null}},"16":{"start":{"line":32,"column":2},"end":{"line":32,"column":null}}},"fnMap":{"0":{"name":"useLocalStorage","decl":{"start":{"line":3,"column":16},"end":{"line":3,"column":35}},"loc":{"start":{"line":3,"column":65},"end":{"line":33,"column":null}},"line":3},"1":{"name":"(anonymous_1)","decl":{"start":{"line":4,"column":52},"end":{"line":4,"column":58}},"loc":{"start":{"line":4,"column":58},"end":{"line":11,"column":3}},"line":4},"2":{"name":"(anonymous_2)","decl":{"start":{"line":13,"column":31},"end":{"line":13,"column":32}},"loc":{"start":{"line":13,"column":64},"end":{"line":21,"column":5}},"line":13},"3":{"name":"(anonymous_3)","decl":{"start":{"line":23,"column":34},"end":{"line":23,"column":40}},"loc":{"start":{"line":23,"column":40},"end":{"line":30,"column":5}},"line":23}},"branchMap":{"0":{"loc":{"start":{"line":7,"column":13},"end":{"line":7,"column":null}},"type":"cond-expr","locations":[{"start":{"line":7,"column":30},"end":{"line":7,"column":55}},{"start":{"line":7,"column":55},"end":{"line":7,"column":null}}],"line":7},"1":{"loc":{"start":{"line":15,"column":27},"end":{"line":15,"column":null}},"type":"cond-expr","locations":[{"start":{"line":15,"column":55},"end":{"line":15,"column":76}},{"start":{"line":15,"column":76},"end":{"line":15,"column":null}}],"line":15}},"s":{"0":12,"1":8,"2":8,"3":8,"4":1,"5":12,"6":3,"7":3,"8":3,"9":3,"10":0,"11":12,"12":1,"13":1,"14":1,"15":0,"16":12},"f":{"0":12,"1":8,"2":3,"3":1},"b":{"0":[3,5],"1":[1,2]},"meta":{"lastBranch":2,"lastFunction":4,"lastStatement":17,"seen":{"f:3:16:3:35":0,"s:4:36:11:Infinity":0,"f:4:52:4:58":1,"s:5:4:10:Infinity":1,"s:6:19:6:Infinity":2,"s:7:6:7:Infinity":3,"b:7:30:7:55:7:55:7:Infinity":0,"s:9:6:9:Infinity":4,"s:13:8:21:Infinity":5,"f:13:31:13:32":2,"s:14:4:20:Infinity":6,"s:15:27:15:Infinity":7,"b:15:55:15:76:15:76:15:Infinity":1,"s:16:6:16:Infinity":8,"s:17:6:17:Infinity":9,"s:19:6:19:Infinity":10,"s:23:8:30:Infinity":11,"f:23:34:23:40":3,"s:24:4:29:Infinity":12,"s:25:6:25:Infinity":13,"s:26:6:26:Infinity":14,"s:28:6:28:Infinity":15,"s:32:2:32:Infinity":16}}}
,"/home/hxfme/Documents/MyRepos/bridgeInChallenge/frontend/src/hooks/modules/useAuth.ts": {"path":"/home/hxfme/Documents/MyRepos/bridgeInChallenge/frontend/src/hooks/modules/useAuth.ts","statementMap":{"0":{"start":{"line":14,"column":49},"end":{"line":14,"column":null}},"1":{"start":{"line":15,"column":8},"end":{"line":15,"column":null}},"2":{"start":{"line":16,"column":36},"end":{"line":16,"column":null}},"3":{"start":{"line":17,"column":36},"end":{"line":17,"column":null}},"4":{"start":{"line":19,"column":8},"end":{"line":31,"column":null}},"5":{"start":{"line":20,"column":4},"end":{"line":20,"column":null}},"6":{"start":{"line":21,"column":4},"end":{"line":30,"column":null}},"7":{"start":{"line":22,"column":32},"end":{"line":22,"column":null}},"8":{"start":{"line":23,"column":6},"end":{"line":23,"column":null}},"9":{"start":{"line":24,"column":22},"end":{"line":24,"column":null}},"10":{"start":{"line":25,"column":6},"end":{"line":25,"column":null}},"11":{"start":{"line":26,"column":6},"end":{"line":26,"column":null}},"12":{"start":{"line":28,"column":22},"end":{"line":28,"column":null}},"13":{"start":{"line":29,"column":6},"end":{"line":29,"column":null}},"14":{"start":{"line":33,"column":8},"end":{"line":45,"column":null}},"15":{"start":{"line":34,"column":4},"end":{"line":34,"column":null}},"16":{"start":{"line":35,"column":4},"end":{"line":44,"column":null}},"17":{"start":{"line":36,"column":32},"end":{"line":36,"column":null}},"18":{"start":{"line":37,"column":6},"end":{"line":37,"column":null}},"19":{"start":{"line":38,"column":22},"end":{"line":38,"column":null}},"20":{"start":{"line":39,"column":6},"end":{"line":39,"column":null}},"21":{"start":{"line":40,"column":6},"end":{"line":40,"column":null}},"22":{"start":{"line":42,"column":22},"end":{"line":42,"column":null}},"23":{"start":{"line":43,"column":6},"end":{"line":43,"column":null}},"24":{"start":{"line":47,"column":8},"end":{"line":50,"column":null}},"25":{"start":{"line":48,"column":4},"end":{"line":48,"column":null}},"26":{"start":{"line":49,"column":4},"end":{"line":49,"column":null}},"27":{"start":{"line":52,"column":2},"end":{"line":52,"column":null}}},"fnMap":{"0":{"name":"useAuth","decl":{"start":{"line":13,"column":16},"end":{"line":13,"column":26}},"loc":{"start":{"line":13,"column":26},"end":{"line":53,"column":null}},"line":13},"1":{"name":"(anonymous_1)","decl":{"start":{"line":19,"column":29},"end":{"line":19,"column":36}},"loc":{"start":{"line":19,"column":63},"end":{"line":31,"column":5}},"line":19},"2":{"name":"(anonymous_2)","decl":{"start":{"line":33,"column":29},"end":{"line":33,"column":36}},"loc":{"start":{"line":33,"column":63},"end":{"line":45,"column":5}},"line":33},"3":{"name":"(anonymous_3)","decl":{"start":{"line":47,"column":30},"end":{"line":47,"column":36}},"loc":{"start":{"line":47,"column":36},"end":{"line":50,"column":5}},"line":47}},"branchMap":{"0":{"loc":{"start":{"line":28,"column":22},"end":{"line":28,"column":null}},"type":"binary-expr","locations":[{"start":{"line":28,"column":22},"end":{"line":28,"column":52}},{"start":{"line":28,"column":52},"end":{"line":28,"column":68}},{"start":{"line":28,"column":68},"end":{"line":28,"column":null}}],"line":28},"1":{"loc":{"start":{"line":42,"column":22},"end":{"line":42,"column":null}},"type":"binary-expr","locations":[{"start":{"line":42,"column":22},"end":{"line":42,"column":52}},{"start":{"line":42,"column":52},"end":{"line":42,"column":68}},{"start":{"line":42,"column":68},"end":{"line":42,"column":null}}],"line":42}},"s":{"0":14,"1":14,"2":14,"3":14,"4":14,"5":4,"6":4,"7":4,"8":1,"9":1,"10":1,"11":1,"12":3,"13":3,"14":14,"15":2,"16":2,"17":2,"18":1,"19":1,"20":1,"21":1,"22":1,"23":1,"24":14,"25":1,"26":1,"27":14},"f":{"0":14,"1":4,"2":2,"3":1},"b":{"0":[3,2,1],"1":[1,0,0]},"meta":{"lastBranch":2,"lastFunction":4,"lastStatement":28,"seen":{"f:13:16:13:26":0,"s:14:49:14:Infinity":0,"s:15:8:15:Infinity":1,"s:16:36:16:Infinity":2,"s:17:36:17:Infinity":3,"s:19:8:31:Infinity":4,"f:19:29:19:36":1,"s:20:4:20:Infinity":5,"s:21:4:30:Infinity":6,"s:22:32:22:Infinity":7,"s:23:6:23:Infinity":8,"s:24:22:24:Infinity":9,"s:25:6:25:Infinity":10,"s:26:6:26:Infinity":11,"s:28:22:28:Infinity":12,"b:28:22:28:52:28:52:28:68:28:68:28:Infinity":0,"s:29:6:29:Infinity":13,"s:33:8:45:Infinity":14,"f:33:29:33:36":2,"s:34:4:34:Infinity":15,"s:35:4:44:Infinity":16,"s:36:32:36:Infinity":17,"s:37:6:37:Infinity":18,"s:38:22:38:Infinity":19,"s:39:6:39:Infinity":20,"s:40:6:40:Infinity":21,"s:42:22:42:Infinity":22,"b:42:22:42:52:42:52:42:68:42:68:42:Infinity":1,"s:43:6:43:Infinity":23,"s:47:8:50:Infinity":24,"f:47:30:47:36":3,"s:48:4:48:Infinity":25,"s:49:4:49:Infinity":26,"s:52:2:52:Infinity":27}}}
,"/home/hxfme/Documents/MyRepos/bridgeInChallenge/frontend/src/hooks/modules/useNotifications.ts": {"path":"/home/hxfme/Documents/MyRepos/bridgeInChallenge/frontend/src/hooks/modules/useNotifications.ts","statementMap":{"0":{"start":{"line":7,"column":44},"end":{"line":7,"column":null}},"1":{"start":{"line":10,"column":2},"end":{"line":10,"column":null}},"2":{"start":{"line":10,"column":24},"end":{"line":10,"column":null}},"3":{"start":{"line":14,"column":26},"end":{"line":14,"column":null}},"4":{"start":{"line":15,"column":8},"end":{"line":15,"column":null}},"5":{"start":{"line":16,"column":8},"end":{"line":16,"column":null}},"6":{"start":{"line":18,"column":8},"end":{"line":26,"column":null}},"7":{"start":{"line":19,"column":4},"end":{"line":25,"column":null}},"8":{"start":{"line":20,"column":19},"end":{"line":20,"column":null}},"9":{"start":{"line":21,"column":6},"end":{"line":21,"column":null}},"10":{"start":{"line":21,"column":31},"end":{"line":21,"column":null}},"11":{"start":{"line":22,"column":6},"end":{"line":22,"column":null}},"12":{"start":{"line":28,"column":8},"end":{"line":30,"column":null}},"13":{"start":{"line":29,"column":4},"end":{"line":29,"column":null}},"14":{"start":{"line":32,"column":2},"end":{"line":60,"column":null}},"15":{"start":{"line":33,"column":4},"end":{"line":33,"column":null}},"16":{"start":{"line":35,"column":4},"end":{"line":35,"column":null}},"17":{"start":{"line":37,"column":4},"end":{"line":37,"column":null}},"18":{"start":{"line":39,"column":25},"end":{"line":43,"column":null}},"19":{"start":{"line":40,"column":6},"end":{"line":42,"column":null}},"20":{"start":{"line":41,"column":8},"end":{"line":41,"column":null}},"21":{"start":{"line":45,"column":4},"end":{"line":45,"column":null}},"22":{"start":{"line":47,"column":4},"end":{"line":51,"column":null}},"23":{"start":{"line":48,"column":6},"end":{"line":50,"column":null}},"24":{"start":{"line":49,"column":8},"end":{"line":49,"column":null}},"25":{"start":{"line":53,"column":4},"end":{"line":59,"column":null}},"26":{"start":{"line":54,"column":6},"end":{"line":54,"column":null}},"27":{"start":{"line":56,"column":6},"end":{"line":56,"column":null}},"28":{"start":{"line":56,"column":40},"end":{"line":56,"column":null}},"29":{"start":{"line":57,"column":6},"end":{"line":57,"column":null}},"30":{"start":{"line":58,"column":6},"end":{"line":58,"column":null}},"31":{"start":{"line":58,"column":28},"end":{"line":58,"column":null}},"32":{"start":{"line":62,"column":2},"end":{"line":62,"column":null}}},"fnMap":{"0":{"name":"refreshInternal","decl":{"start":{"line":9,"column":16},"end":{"line":9,"column":34}},"loc":{"start":{"line":9,"column":34},"end":{"line":11,"column":null}},"line":9},"1":{"name":"useNotifications","decl":{"start":{"line":13,"column":16},"end":{"line":13,"column":33}},"loc":{"start":{"line":13,"column":55},"end":{"line":63,"column":null}},"line":13},"2":{"name":"(anonymous_2)","decl":{"start":{"line":18,"column":28},"end":{"line":18,"column":40}},"loc":{"start":{"line":18,"column":40},"end":{"line":26,"column":5}},"line":18},"3":{"name":"(anonymous_3)","decl":{"start":{"line":28,"column":30},"end":{"line":28,"column":36}},"loc":{"start":{"line":28,"column":36},"end":{"line":30,"column":5}},"line":28},"4":{"name":"(anonymous_4)","decl":{"start":{"line":32,"column":12},"end":{"line":32,"column":18}},"loc":{"start":{"line":32,"column":18},"end":{"line":60,"column":5}},"line":32},"5":{"name":"(anonymous_5)","decl":{"start":{"line":39,"column":25},"end":{"line":39,"column":31}},"loc":{"start":{"line":39,"column":31},"end":{"line":43,"column":null}},"line":39},"6":{"name":"(anonymous_6)","decl":{"start":{"line":48,"column":44},"end":{"line":48,"column":50}},"loc":{"start":{"line":48,"column":50},"end":{"line":50,"column":9}},"line":48},"7":{"name":"(anonymous_7)","decl":{"start":{"line":53,"column":11},"end":{"line":53,"column":17}},"loc":{"start":{"line":53,"column":17},"end":{"line":59,"column":null}},"line":53}},"branchMap":{"0":{"loc":{"start":{"line":10,"column":2},"end":{"line":10,"column":null}},"type":"if","locations":[{"start":{"line":10,"column":2},"end":{"line":10,"column":null}},{"start":{},"end":{}}],"line":10},"1":{"loc":{"start":{"line":13,"column":33},"end":{"line":13,"column":55}},"type":"default-arg","locations":[{"start":{"line":13,"column":48},"end":{"line":13,"column":55}}],"line":13},"2":{"loc":{"start":{"line":21,"column":6},"end":{"line":21,"column":null}},"type":"if","locations":[{"start":{"line":21,"column":6},"end":{"line":21,"column":null}},{"start":{},"end":{}}],"line":21},"3":{"loc":{"start":{"line":22,"column":23},"end":{"line":22,"column":67}},"type":"binary-expr","locations":[{"start":{"line":22,"column":23},"end":{"line":22,"column":66}},{"start":{"line":22,"column":66},"end":{"line":22,"column":67}}],"line":22},"4":{"loc":{"start":{"line":40,"column":6},"end":{"line":42,"column":null}},"type":"if","locations":[{"start":{"line":40,"column":6},"end":{"line":42,"column":null}},{"start":{},"end":{}}],"line":40},"5":{"loc":{"start":{"line":47,"column":4},"end":{"line":51,"column":null}},"type":"if","locations":[{"start":{"line":47,"column":4},"end":{"line":51,"column":null}},{"start":{},"end":{}}],"line":47},"6":{"loc":{"start":{"line":56,"column":6},"end":{"line":56,"column":null}},"type":"if","locations":[{"start":{"line":56,"column":6},"end":{"line":56,"column":null}},{"start":{},"end":{}}],"line":56},"7":{"loc":{"start":{"line":58,"column":6},"end":{"line":58,"column":null}},"type":"if","locations":[{"start":{"line":58,"column":6},"end":{"line":58,"column":null}},{"start":{},"end":{}}],"line":58}},"s":{"0":1,"1":3,"2":1,"3":14,"4":14,"5":14,"6":14,"7":15,"8":15,"9":13,"10":1,"11":12,"12":14,"13":2,"14":14,"15":11,"16":11,"17":11,"18":11,"19":2,"20":1,"21":11,"22":11,"23":6,"24":1,"25":11,"26":11,"27":11,"28":11,"29":11,"30":11,"31":6,"32":14},"f":{"0":3,"1":14,"2":15,"3":2,"4":11,"5":2,"6":1,"7":11},"b":{"0":[1,2],"1":[14],"2":[1,12],"3":[12,0],"4":[1,1],"5":[6,5],"6":[11,0],"7":[6,5]},"meta":{"lastBranch":8,"lastFunction":8,"lastStatement":33,"seen":{"s:7:44:7:Infinity":0,"f:9:16:9:34":0,"b:10:2:10:Infinity:undefined:undefined:undefined:undefined":0,"s:10:2:10:Infinity":1,"s:10:24:10:Infinity":2,"f:13:16:13:33":1,"b:13:48:13:55":1,"s:14:26:14:Infinity":3,"s:15:8:15:Infinity":4,"s:16:8:16:Infinity":5,"s:18:8:26:Infinity":6,"f:18:28:18:40":2,"s:19:4:25:Infinity":7,"s:20:19:20:Infinity":8,"b:21:6:21:Infinity:undefined:undefined:undefined:undefined":2,"s:21:6:21:Infinity":9,"s:21:31:21:Infinity":10,"s:22:6:22:Infinity":11,"b:22:23:22:66:22:66:22:67":3,"s:28:8:30:Infinity":12,"f:28:30:28:36":3,"s:29:4:29:Infinity":13,"s:32:2:60:Infinity":14,"f:32:12:32:18":4,"s:33:4:33:Infinity":15,"s:35:4:35:Infinity":16,"s:37:4:37:Infinity":17,"s:39:25:43:Infinity":18,"f:39:25:39:31":5,"b:40:6:42:Infinity:undefined:undefined:undefined:undefined":4,"s:40:6:42:Infinity":19,"s:41:8:41:Infinity":20,"s:45:4:45:Infinity":21,"b:47:4:51:Infinity:undefined:undefined:undefined:undefined":5,"s:47:4:51:Infinity":22,"s:48:6:50:Infinity":23,"f:48:44:48:50":6,"s:49:8:49:Infinity":24,"s:53:4:59:Infinity":25,"f:53:11:53:17":7,"s:54:6:54:Infinity":26,"b:56:6:56:Infinity:undefined:undefined:undefined:undefined":6,"s:56:6:56:Infinity":27,"s:56:40:56:Infinity":28,"s:57:6:57:Infinity":29,"b:58:6:58:Infinity:undefined:undefined:undefined:undefined":7,"s:58:6:58:Infinity":30,"s:58:28:58:Infinity":31,"s:62:2:62:Infinity":32}}}
,"/home/hxfme/Documents/MyRepos/bridgeInChallenge/frontend/src/router/PrivateRoute.tsx": {"path":"/home/hxfme/Documents/MyRepos/bridgeInChallenge/frontend/src/router/PrivateRoute.tsx","statementMap":{"0":{"start":{"line":6,"column":26},"end":{"line":6,"column":null}},"1":{"start":{"line":8,"column":2},"end":{"line":14,"column":null}},"2":{"start":{"line":9,"column":4},"end":{"line":12,"column":null}},"3":{"start":{"line":16,"column":2},"end":{"line":18,"column":null}},"4":{"start":{"line":17,"column":4},"end":{"line":17,"column":null}},"5":{"start":{"line":20,"column":2},"end":{"line":20,"column":null}}},"fnMap":{"0":{"name":"PrivateRoute","decl":{"start":{"line":5,"column":24},"end":{"line":5,"column":39}},"loc":{"start":{"line":5,"column":39},"end":{"line":21,"column":null}},"line":5}},"branchMap":{"0":{"loc":{"start":{"line":8,"column":2},"end":{"line":14,"column":null}},"type":"if","locations":[{"start":{"line":8,"column":2},"end":{"line":14,"column":null}},{"start":{},"end":{}}],"line":8},"1":{"loc":{"start":{"line":16,"column":2},"end":{"line":18,"column":null}},"type":"if","locations":[{"start":{"line":16,"column":2},"end":{"line":18,"column":null}},{"start":{},"end":{}}],"line":16}},"s":{"0":5,"1":5,"2":2,"3":3,"4":1,"5":2},"f":{"0":5},"b":{"0":[2,3],"1":[1,2]},"meta":{"lastBranch":2,"lastFunction":1,"lastStatement":6,"seen":{"f:5:24:5:39":0,"s:6:26:6:Infinity":0,"b:8:2:14:Infinity:undefined:undefined:undefined:undefined":0,"s:8:2:14:Infinity":1,"s:9:4:12:Infinity":2,"b:16:2:18:Infinity:undefined:undefined:undefined:undefined":1,"s:16:2:18:Infinity":3,"s:17:4:17:Infinity":4,"s:20:2:20:Infinity":5}}}
,"/home/hxfme/Documents/MyRepos/bridgeInChallenge/frontend/src/utils/formatDate.ts": {"path":"/home/hxfme/Documents/MyRepos/bridgeInChallenge/frontend/src/utils/formatDate.ts","statementMap":{"0":{"start":{"line":2,"column":2},"end":{"line":2,"column":null}},"1":{"start":{"line":2,"column":18},"end":{"line":2,"column":null}},"2":{"start":{"line":3,"column":12},"end":{"line":3,"column":null}},"3":{"start":{"line":4,"column":2},"end":{"line":4,"column":null}},"4":{"start":{"line":4,"column":33},"end":{"line":4,"column":null}},"5":{"start":{"line":5,"column":14},"end":{"line":5,"column":null}},"6":{"start":{"line":6,"column":21},"end":{"line":18,"column":null}},"7":{"start":{"line":7,"column":4},"end":{"line":7,"column":null}},"8":{"start":{"line":7,"column":25},"end":{"line":7,"column":null}},"9":{"start":{"line":8,"column":4},"end":{"line":17,"column":null}},"10":{"start":{"line":10,"column":8},"end":{"line":10,"column":null}},"11":{"start":{"line":12,"column":8},"end":{"line":12,"column":null}},"12":{"start":{"line":14,"column":8},"end":{"line":14,"column":null}},"13":{"start":{"line":16,"column":8},"end":{"line":16,"column":null}},"14":{"start":{"line":19,"column":16},"end":{"line":19,"column":null}},"15":{"start":{"line":20,"column":15},"end":{"line":20,"column":null}},"16":{"start":{"line":21,"column":2},"end":{"line":21,"column":null}}},"fnMap":{"0":{"name":"formatDate","decl":{"start":{"line":1,"column":16},"end":{"line":1,"column":27}},"loc":{"start":{"line":1,"column":89},"end":{"line":22,"column":null}},"line":1},"1":{"name":"(anonymous_1)","decl":{"start":{"line":6,"column":21},"end":{"line":6,"column":22}},"loc":{"start":{"line":6,"column":36},"end":{"line":18,"column":null}},"line":6}},"branchMap":{"0":{"loc":{"start":{"line":2,"column":2},"end":{"line":2,"column":null}},"type":"if","locations":[{"start":{"line":2,"column":2},"end":{"line":2,"column":null}},{"start":{},"end":{}}],"line":2},"1":{"loc":{"start":{"line":4,"column":2},"end":{"line":4,"column":null}},"type":"if","locations":[{"start":{"line":4,"column":2},"end":{"line":4,"column":null}},{"start":{},"end":{}}],"line":4},"2":{"loc":{"start":{"line":7,"column":4},"end":{"line":7,"column":null}},"type":"if","locations":[{"start":{"line":7,"column":4},"end":{"line":7,"column":null}},{"start":{},"end":{}}],"line":7},"3":{"loc":{"start":{"line":7,"column":8},"end":{"line":7,"column":25}},"type":"binary-expr","locations":[{"start":{"line":7,"column":8},"end":{"line":7,"column":17}},{"start":{"line":7,"column":17},"end":{"line":7,"column":25}}],"line":7},"4":{"loc":{"start":{"line":8,"column":4},"end":{"line":17,"column":null}},"type":"switch","locations":[{"start":{"line":9,"column":6},"end":{"line":10,"column":null}},{"start":{"line":11,"column":6},"end":{"line":12,"column":null}},{"start":{"line":13,"column":6},"end":{"line":14,"column":null}},{"start":{"line":15,"column":6},"end":{"line":16,"column":null}}],"line":8}},"s":{"0":18,"1":3,"2":15,"3":15,"4":1,"5":14,"6":14,"7":14,"8":8,"9":6,"10":2,"11":2,"12":2,"13":0,"14":14,"15":14,"16":14},"f":{"0":18,"1":14},"b":{"0":[3,15],"1":[1,14],"2":[8,6],"3":[14,11],"4":[2,2,2,0]},"meta":{"lastBranch":5,"lastFunction":2,"lastStatement":17,"seen":{"f:1:16:1:27":0,"b:2:2:2:Infinity:undefined:undefined:undefined:undefined":0,"s:2:2:2:Infinity":0,"s:2:18:2:Infinity":1,"s:3:12:3:Infinity":2,"b:4:2:4:Infinity:undefined:undefined:undefined:undefined":1,"s:4:2:4:Infinity":3,"s:4:33:4:Infinity":4,"s:5:14:5:Infinity":5,"s:6:21:18:Infinity":6,"f:6:21:6:22":1,"b:7:4:7:Infinity:undefined:undefined:undefined:undefined":2,"s:7:4:7:Infinity":7,"b:7:8:7:17:7:17:7:25":3,"s:7:25:7:Infinity":8,"b:9:6:10:Infinity:11:6:12:Infinity:13:6:14:Infinity:15:6:16:Infinity":4,"s:8:4:17:Infinity":9,"s:10:8:10:Infinity":10,"s:12:8:12:Infinity":11,"s:14:8:14:Infinity":12,"s:16:8:16:Infinity":13,"s:19:16:19:Infinity":14,"s:20:15:20:Infinity":15,"s:21:2:21:Infinity":16}}}
}
