{"/home/hxfme/Documents/MyRepos/bridgeInChallenge/backend/src/createApp.ts": {"path":"/home/hxfme/Documents/MyRepos/bridgeInChallenge/backend/src/createApp.ts","statementMap":{"0":{"start":{"line":14,"column":0},"end":{"line":14,"column":7}},"1":{"start":{"line":1,"column":0},"end":{"line":1,"column":30}},"2":{"start":{"line":2,"column":0},"end":{"line":2,"column":41}},"3":{"start":{"line":3,"column":0},"end":{"line":3,"column":60}},"4":{"start":{"line":4,"column":0},"end":{"line":4,"column":83}},"5":{"start":{"line":5,"column":0},"end":{"line":5,"column":60}},"6":{"start":{"line":6,"column":0},"end":{"line":6,"column":52}},"7":{"start":{"line":7,"column":0},"end":{"line":7,"column":55}},"8":{"start":{"line":8,"column":0},"end":{"line":8,"column":70}},"9":{"start":{"line":9,"column":0},"end":{"line":9,"column":61}},"10":{"start":{"line":10,"column":0},"end":{"line":10,"column":67}},"11":{"start":{"line":12,"column":0},"end":{"line":12,"column":72}},"12":{"start":{"line":15,"column":20},"end":{"line":15,"column":29}},"13":{"start":{"line":16,"column":8},"end":{"line":16,"column":32}},"14":{"start":{"line":17,"column":8},"end":{"line":17,"column":32}},"15":{"start":{"line":19,"column":8},"end":{"line":19,"column":40}},"16":{"start":{"line":21,"column":8},"end":{"line":21,"column":42}},"17":{"start":{"line":23,"column":8},"end":{"line":25,"column":9}},"18":{"start":{"line":24,"column":10},"end":{"line":24,"column":39}},"19":{"start":{"line":27,"column":19},"end":{"line":27,"column":51}},"20":{"start":{"line":28,"column":8},"end":{"line":30,"column":9}},"21":{"start":{"line":29,"column":10},"end":{"line":29,"column":96}},"22":{"start":{"line":29,"column":51},"end":{"line":29,"column":94}},"23":{"start":{"line":32,"column":8},"end":{"line":32,"column":37}},"24":{"start":{"line":33,"column":8},"end":{"line":33,"column":39}},"25":{"start":{"line":34,"column":8},"end":{"line":34,"column":49}},"26":{"start":{"line":35,"column":8},"end":{"line":35,"column":43}},"27":{"start":{"line":36,"column":8},"end":{"line":36,"column":47}},"28":{"start":{"line":38,"column":8},"end":{"line":38,"column":30}},"29":{"start":{"line":39,"column":8},"end":{"line":39,"column":19}},"30":{"start":{"line":42,"column":0},"end":{"line":42,"column":25}}},"fnMap":{"0":{"name":"createApp","decl":{"start":{"line":14,"column":22},"end":{"line":14,"column":31}},"loc":{"start":{"line":14,"column":48},"end":{"line":40,"column":1}}},"1":{"name":"(anonymous_2)","decl":{"start":{"line":29,"column":38},"end":{"line":29,"column":39}},"loc":{"start":{"line":29,"column":51},"end":{"line":29,"column":94}}}},"branchMap":{"0":{"loc":{"start":{"line":23,"column":8},"end":{"line":25,"column":9}},"type":"if","locations":[{"start":{"line":23,"column":8},"end":{"line":25,"column":9}},{"start":{},"end":{}}]},"1":{"loc":{"start":{"line":27,"column":19},"end":{"line":27,"column":51}},"type":"binary-expr","locations":[{"start":{"line":27,"column":19},"end":{"line":27,"column":29}},{"start":{"line":27,"column":33},"end":{"line":27,"column":51}}]},"2":{"loc":{"start":{"line":28,"column":8},"end":{"line":30,"column":9}},"type":"if","locations":[{"start":{"line":28,"column":8},"end":{"line":30,"column":9}},{"start":{},"end":{}}]}},"s":{"0":1,"1":1,"2":1,"3":1,"4":1,"5":1,"6":1,"7":1,"8":1,"9":1,"10":1,"11":1,"12":1,"13":1,"14":1,"15":1,"16":1,"17":1,"18":1,"19":1,"20":1,"21":0,"22":0,"23":1,"24":1,"25":1,"26":1,"27":1,"28":1,"29":1,"30":1},"f":{"0":1,"1":0},"b":{"0":[1,0],"1":[1,0],"2":[0,1]}}
,"/home/hxfme/Documents/MyRepos/bridgeInChallenge/backend/src/modules/auth/auth.handler.ts": {"path":"/home/hxfme/Documents/MyRepos/bridgeInChallenge/backend/src/modules/auth/auth.handler.ts","statementMap":{"0":{"start":{"line":130,"column":0},"end":{"line":130,"column":7}},"1":{"start":{"line":158,"column":0},"end":{"line":158,"column":7}},"2":{"start":{"line":181,"column":0},"end":{"line":181,"column":7}},"3":{"start":{"line":215,"column":0},"end":{"line":215,"column":7}},"4":{"start":{"line":247,"column":0},"end":{"line":247,"column":7}},"5":{"start":{"line":253,"column":0},"end":{"line":253,"column":16}},"6":{"start":{"line":2,"column":0},"end":{"line":2,"column":28}},"7":{"start":{"line":3,"column":0},"end":{"line":3,"column":47}},"8":{"start":{"line":4,"column":0},"end":{"line":4,"column":69}},"9":{"start":{"line":5,"column":0},"end":{"line":5,"column":73}},"10":{"start":{"line":6,"column":0},"end":{"line":6,"column":45}},"11":{"start":{"line":7,"column":0},"end":{"line":7,"column":56}},"12":{"start":{"line":8,"column":0},"end":{"line":8,"column":75}},"13":{"start":{"line":19,"column":2},"end":{"line":19,"column":61}},"14":{"start":{"line":23,"column":2},"end":{"line":23,"column":62}},"15":{"start":{"line":27,"column":2},"end":{"line":29,"column":3}},"16":{"start":{"line":28,"column":4},"end":{"line":28,"column":88}},"17":{"start":{"line":30,"column":2},"end":{"line":30,"column":39}},"18":{"start":{"line":34,"column":2},"end":{"line":36,"column":3}},"19":{"start":{"line":35,"column":4},"end":{"line":35,"column":89}},"20":{"start":{"line":37,"column":2},"end":{"line":37,"column":40}},"21":{"start":{"line":41,"column":15},"end":{"line":41,"column":53}},"22":{"start":{"line":42,"column":2},"end":{"line":50,"column":5}},"23":{"start":{"line":43,"column":4},"end":{"line":49,"column":7}},"24":{"start":{"line":44,"column":6},"end":{"line":47,"column":7}},"25":{"start":{"line":45,"column":8},"end":{"line":45,"column":22}},"26":{"start":{"line":46,"column":8},"end":{"line":46,"column":15}},"27":{"start":{"line":48,"column":6},"end":{"line":48,"column":55}},"28":{"start":{"line":54,"column":16},"end":{"line":54,"column":37}},"29":{"start":{"line":55,"column":2},"end":{"line":57,"column":3}},"30":{"start":{"line":56,"column":4},"end":{"line":56,"column":34}},"31":{"start":{"line":59,"column":31},"end":{"line":59,"column":36}},"32":{"start":{"line":60,"column":2},"end":{"line":79,"column":5}},"33":{"start":{"line":61,"column":4},"end":{"line":78,"column":7}},"34":{"start":{"line":62,"column":6},"end":{"line":65,"column":7}},"35":{"start":{"line":63,"column":8},"end":{"line":63,"column":22}},"36":{"start":{"line":64,"column":8},"end":{"line":64,"column":15}},"37":{"start":{"line":67,"column":6},"end":{"line":77,"column":7}},"38":{"start":{"line":68,"column":31},"end":{"line":68,"column":63}},"39":{"start":{"line":69,"column":30},"end":{"line":69,"column":76}},"40":{"start":{"line":70,"column":8},"end":{"line":73,"column":9}},"41":{"start":{"line":71,"column":10},"end":{"line":71,"column":25}},"42":{"start":{"line":72,"column":10},"end":{"line":72,"column":17}},"43":{"start":{"line":74,"column":8},"end":{"line":74,"column":71}},"44":{"start":{"line":76,"column":8},"end":{"line":76,"column":23}},"45":{"start":{"line":83,"column":23},"end":{"line":83,"column":40}},"46":{"start":{"line":84,"column":24},"end":{"line":84,"column":42}},"47":{"start":{"line":85,"column":2},"end":{"line":87,"column":3}},"48":{"start":{"line":86,"column":4},"end":{"line":86,"column":71}},"49":{"start":{"line":88,"column":2},"end":{"line":90,"column":3}},"50":{"start":{"line":89,"column":4},"end":{"line":89,"column":73}},"51":{"start":{"line":92,"column":30},"end":{"line":92,"column":105}},"52":{"start":{"line":93,"column":30},"end":{"line":93,"column":130}},"53":{"start":{"line":94,"column":2},"end":{"line":96,"column":3}},"54":{"start":{"line":95,"column":4},"end":{"line":95,"column":85}},"55":{"start":{"line":97,"column":2},"end":{"line":99,"column":3}},"56":{"start":{"line":98,"column":4},"end":{"line":98,"column":93}},"57":{"start":{"line":100,"column":23},"end":{"line":103,"column":null}},"58":{"start":{"line":106,"column":17},"end":{"line":106,"column":38}},"59":{"start":{"line":108,"column":24},"end":{"line":111,"column":null}},"60":{"start":{"line":114,"column":2},"end":{"line":114,"column":41}},"61":{"start":{"line":118,"column":30},"end":{"line":118,"column":99}},"62":{"start":{"line":119,"column":2},"end":{"line":121,"column":3}},"63":{"start":{"line":120,"column":4},"end":{"line":120,"column":85}},"64":{"start":{"line":122,"column":2},"end":{"line":127,"column":5}},"65":{"start":{"line":131,"column":49},"end":{"line":131,"column":63}},"66":{"start":{"line":132,"column":16},"end":{"line":132,"column":59}},"67":{"start":{"line":133,"column":2},"end":{"line":135,"column":3}},"68":{"start":{"line":134,"column":4},"end":{"line":134,"column":81}},"69":{"start":{"line":137,"column":21},"end":{"line":137,"column":59}},"70":{"start":{"line":138,"column":23},"end":{"line":138,"column":60}},"71":{"start":{"line":139,"column":2},"end":{"line":141,"column":3}},"72":{"start":{"line":140,"column":4},"end":{"line":140,"column":78}},"73":{"start":{"line":143,"column":28},"end":{"line":143,"column":69}},"74":{"start":{"line":144,"column":21},"end":{"line":144,"column":64}},"75":{"start":{"line":145,"column":23},"end":{"line":145,"column":63}},"76":{"start":{"line":147,"column":20},"end":{"line":147,"column":35}},"77":{"start":{"line":148,"column":23},"end":{"line":148,"column":51}},"78":{"start":{"line":149,"column":23},"end":{"line":149,"column":30}},"79":{"start":{"line":150,"column":15},"end":{"line":150,"column":100}},"80":{"start":{"line":151,"column":2},"end":{"line":151,"column":30}},"81":{"start":{"line":153,"column":42},"end":{"line":153,"column":93}},"82":{"start":{"line":154,"column":2},"end":{"line":154,"column":42}},"83":{"start":{"line":155,"column":2},"end":{"line":155,"column":42}},"84":{"start":{"line":159,"column":40},"end":{"line":159,"column":54}},"85":{"start":{"line":160,"column":16},"end":{"line":160,"column":59}},"86":{"start":{"line":161,"column":2},"end":{"line":163,"column":3}},"87":{"start":{"line":162,"column":4},"end":{"line":162,"column":81}},"88":{"start":{"line":165,"column":21},"end":{"line":165,"column":59}},"89":{"start":{"line":166,"column":15},"end":{"line":166,"column":52}},"90":{"start":{"line":167,"column":2},"end":{"line":169,"column":3}},"91":{"start":{"line":168,"column":4},"end":{"line":168,"column":70}},"92":{"start":{"line":171,"column":26},"end":{"line":171,"column":75}},"93":{"start":{"line":172,"column":2},"end":{"line":174,"column":3}},"94":{"start":{"line":173,"column":4},"end":{"line":173,"column":70}},"95":{"start":{"line":176,"column":42},"end":{"line":176,"column":95}},"96":{"start":{"line":177,"column":2},"end":{"line":177,"column":42}},"97":{"start":{"line":178,"column":2},"end":{"line":178,"column":42}},"98":{"start":{"line":182,"column":28},"end":{"line":182,"column":42}},"99":{"start":{"line":183,"column":2},"end":{"line":185,"column":3}},"100":{"start":{"line":184,"column":4},"end":{"line":184,"column":75}},"101":{"start":{"line":187,"column":22},"end":{"line":187,"column":69}},"102":{"start":{"line":188,"column":2},"end":{"line":190,"column":3}},"103":{"start":{"line":189,"column":4},"end":{"line":189,"column":82}},"104":{"start":{"line":193,"column":2},"end":{"line":197,"column":3}},"105":{"start":{"line":194,"column":4},"end":{"line":194,"column":110}},"106":{"start":{"line":196,"column":4},"end":{"line":196,"column":83}},"107":{"start":{"line":199,"column":26},"end":{"line":199,"column":46}},"108":{"start":{"line":200,"column":2},"end":{"line":202,"column":3}},"109":{"start":{"line":201,"column":4},"end":{"line":201,"column":70}},"110":{"start":{"line":204,"column":25},"end":{"line":204,"column":63}},"111":{"start":{"line":205,"column":20},"end":{"line":205,"column":71}},"112":{"start":{"line":206,"column":2},"end":{"line":208,"column":3}},"113":{"start":{"line":207,"column":4},"end":{"line":207,"column":65}},"114":{"start":{"line":210,"column":59},"end":{"line":210,"column":127}},"115":{"start":{"line":211,"column":2},"end":{"line":211,"column":42}},"116":{"start":{"line":212,"column":2},"end":{"line":212,"column":59}},"117":{"start":{"line":216,"column":19},"end":{"line":216,"column":45}},"118":{"start":{"line":218,"column":32},"end":{"line":218,"column":70}},"119":{"start":{"line":219,"column":22},"end":{"line":219,"column":80}},"120":{"start":{"line":220,"column":2},"end":{"line":222,"column":3}},"121":{"start":{"line":221,"column":4},"end":{"line":221,"column":65}},"122":{"start":{"line":224,"column":42},"end":{"line":227,"column":null}},"123":{"start":{"line":229,"column":2},"end":{"line":229,"column":42}},"124":{"start":{"line":231,"column":18},"end":{"line":231,"column":56}},"125":{"start":{"line":232,"column":20},"end":{"line":232,"column":32}},"126":{"start":{"line":234,"column":2},"end":{"line":244,"column":5}},"127":{"start":{"line":248,"column":24},"end":{"line":248,"column":50}},"128":{"start":{"line":249,"column":16},"end":{"line":249,"column":50}},"129":{"start":{"line":250,"column":2},"end":{"line":250,"column":73}},"130":{"start":{"line":254,"column":2},"end":{"line":258,"column":5}},"131":{"start":{"line":259,"column":2},"end":{"line":259,"column":25}}},"fnMap":{"0":{"name":"createHttpError","decl":{"start":{"line":18,"column":9},"end":{"line":18,"column":24}},"loc":{"start":{"line":18,"column":70},"end":{"line":20,"column":1}}},"1":{"name":"md5Hash","decl":{"start":{"line":22,"column":9},"end":{"line":22,"column":16}},"loc":{"start":{"line":22,"column":30},"end":{"line":24,"column":1}}},"2":{"name":"getAccessSecret","decl":{"start":{"line":26,"column":9},"end":{"line":26,"column":24}},"loc":{"start":{"line":26,"column":24},"end":{"line":31,"column":1}}},"3":{"name":"getRefreshSecret","decl":{"start":{"line":33,"column":9},"end":{"line":33,"column":25}},"loc":{"start":{"line":33,"column":25},"end":{"line":38,"column":1}}},"4":{"name":"hashPassword","decl":{"start":{"line":40,"column":9},"end":{"line":40,"column":21}},"loc":{"start":{"line":40,"column":38},"end":{"line":51,"column":1}}},"5":{"name":"(anonymous_6)","decl":{"start":{"line":42,"column":21},"end":{"line":42,"column":22}},"loc":{"start":{"line":42,"column":41},"end":{"line":50,"column":3}}},"6":{"name":"(anonymous_7)","decl":{"start":{"line":43,"column":38},"end":{"line":43,"column":39}},"loc":{"start":{"line":43,"column":60},"end":{"line":49,"column":5}}},"7":{"name":"verifyPassword","decl":{"start":{"line":53,"column":9},"end":{"line":53,"column":23}},"loc":{"start":{"line":53,"column":60},"end":{"line":80,"column":1}}},"8":{"name":"(anonymous_9)","decl":{"start":{"line":60,"column":21},"end":{"line":60,"column":22}},"loc":{"start":{"line":60,"column":41},"end":{"line":79,"column":3}}},"9":{"name":"(anonymous_10)","decl":{"start":{"line":61,"column":38},"end":{"line":61,"column":39}},"loc":{"start":{"line":61,"column":60},"end":{"line":78,"column":5}}},"10":{"name":"generateTokenPair","decl":{"start":{"line":82,"column":9},"end":{"line":82,"column":26}},"loc":{"start":{"line":82,"column":73},"end":{"line":115,"column":1}}},"11":{"name":"setAccessTokenCookie","decl":{"start":{"line":117,"column":9},"end":{"line":117,"column":29}},"loc":{"start":{"line":117,"column":64},"end":{"line":128,"column":1}}},"12":{"name":"signUp","decl":{"start":{"line":130,"column":22},"end":{"line":130,"column":28}},"loc":{"start":{"line":130,"column":56},"end":{"line":156,"column":1}}},"13":{"name":"signIn","decl":{"start":{"line":158,"column":22},"end":{"line":158,"column":28}},"loc":{"start":{"line":158,"column":56},"end":{"line":179,"column":1}}},"14":{"name":"refreshTokens","decl":{"start":{"line":181,"column":22},"end":{"line":181,"column":35}},"loc":{"start":{"line":181,"column":63},"end":{"line":213,"column":1}}},"15":{"name":"checkSession","decl":{"start":{"line":215,"column":22},"end":{"line":215,"column":34}},"loc":{"start":{"line":215,"column":62},"end":{"line":245,"column":1}}},"16":{"name":"getNotifications","decl":{"start":{"line":247,"column":22},"end":{"line":247,"column":38}},"loc":{"start":{"line":247,"column":86},"end":{"line":251,"column":1}}},"17":{"name":"signOut","decl":{"start":{"line":253,"column":16},"end":{"line":253,"column":23}},"loc":{"start":{"line":253,"column":51},"end":{"line":260,"column":1}}}},"branchMap":{"0":{"loc":{"start":{"line":27,"column":2},"end":{"line":29,"column":3}},"type":"if","locations":[{"start":{"line":27,"column":2},"end":{"line":29,"column":3}},{"start":{},"end":{}}]},"1":{"loc":{"start":{"line":34,"column":2},"end":{"line":36,"column":3}},"type":"if","locations":[{"start":{"line":34,"column":2},"end":{"line":36,"column":3}},{"start":{},"end":{}}]},"2":{"loc":{"start":{"line":44,"column":6},"end":{"line":47,"column":7}},"type":"if","locations":[{"start":{"line":44,"column":6},"end":{"line":47,"column":7}},{"start":{},"end":{}}]},"3":{"loc":{"start":{"line":55,"column":2},"end":{"line":57,"column":3}},"type":"if","locations":[{"start":{"line":55,"column":2},"end":{"line":57,"column":3}},{"start":{},"end":{}}]},"4":{"loc":{"start":{"line":62,"column":6},"end":{"line":65,"column":7}},"type":"if","locations":[{"start":{"line":62,"column":6},"end":{"line":65,"column":7}},{"start":{},"end":{}}]},"5":{"loc":{"start":{"line":70,"column":8},"end":{"line":73,"column":9}},"type":"if","locations":[{"start":{"line":70,"column":8},"end":{"line":73,"column":9}},{"start":{},"end":{}}]},"6":{"loc":{"start":{"line":85,"column":2},"end":{"line":87,"column":3}},"type":"if","locations":[{"start":{"line":85,"column":2},"end":{"line":87,"column":3}},{"start":{},"end":{}}]},"7":{"loc":{"start":{"line":88,"column":2},"end":{"line":90,"column":3}},"type":"if","locations":[{"start":{"line":88,"column":2},"end":{"line":90,"column":3}},{"start":{},"end":{}}]},"8":{"loc":{"start":{"line":92,"column":30},"end":{"line":92,"column":105}},"type":"cond-expr","locations":[{"start":{"line":92,"column":59},"end":{"line":92,"column":95}},{"start":{"line":92,"column":98},"end":{"line":92,"column":105}}]},"9":{"loc":{"start":{"line":93,"column":30},"end":{"line":93,"column":130}},"type":"cond-expr","locations":[{"start":{"line":93,"column":67},"end":{"line":93,"column":111}},{"start":{"line":93,"column":114},"end":{"line":93,"column":130}}]},"10":{"loc":{"start":{"line":94,"column":2},"end":{"line":96,"column":3}},"type":"if","locations":[{"start":{"line":94,"column":2},"end":{"line":96,"column":3}},{"start":{},"end":{}}]},"11":{"loc":{"start":{"line":97,"column":2},"end":{"line":99,"column":3}},"type":"if","locations":[{"start":{"line":97,"column":2},"end":{"line":99,"column":3}},{"start":{},"end":{}}]},"12":{"loc":{"start":{"line":118,"column":30},"end":{"line":118,"column":99}},"type":"cond-expr","locations":[{"start":{"line":118,"column":59},"end":{"line":118,"column":95}},{"start":{"line":118,"column":98},"end":{"line":118,"column":99}}]},"13":{"loc":{"start":{"line":119,"column":2},"end":{"line":121,"column":3}},"type":"if","locations":[{"start":{"line":119,"column":2},"end":{"line":121,"column":3}},{"start":{},"end":{}}]},"14":{"loc":{"start":{"line":131,"column":49},"end":{"line":131,"column":63}},"type":"binary-expr","locations":[{"start":{"line":131,"column":49},"end":{"line":131,"column":57}},{"start":{"line":131,"column":61},"end":{"line":131,"column":63}}]},"15":{"loc":{"start":{"line":132,"column":23},"end":{"line":132,"column":37}},"type":"binary-expr","locations":[{"start":{"line":132,"column":23},"end":{"line":132,"column":31}},{"start":{"line":132,"column":35},"end":{"line":132,"column":37}}]},"16":{"loc":{"start":{"line":133,"column":2},"end":{"line":135,"column":3}},"type":"if","locations":[{"start":{"line":133,"column":2},"end":{"line":135,"column":3}},{"start":{},"end":{}}]},"17":{"loc":{"start":{"line":133,"column":6},"end":{"line":133,"column":25}},"type":"binary-expr","locations":[{"start":{"line":133,"column":6},"end":{"line":133,"column":12}},{"start":{"line":133,"column":16},"end":{"line":133,"column":25}}]},"18":{"loc":{"start":{"line":139,"column":2},"end":{"line":141,"column":3}},"type":"if","locations":[{"start":{"line":139,"column":2},"end":{"line":141,"column":3}},{"start":{},"end":{}}]},"19":{"loc":{"start":{"line":159,"column":40},"end":{"line":159,"column":54}},"type":"binary-expr","locations":[{"start":{"line":159,"column":40},"end":{"line":159,"column":48}},{"start":{"line":159,"column":52},"end":{"line":159,"column":54}}]},"20":{"loc":{"start":{"line":160,"column":23},"end":{"line":160,"column":37}},"type":"binary-expr","locations":[{"start":{"line":160,"column":23},"end":{"line":160,"column":31}},{"start":{"line":160,"column":35},"end":{"line":160,"column":37}}]},"21":{"loc":{"start":{"line":161,"column":2},"end":{"line":163,"column":3}},"type":"if","locations":[{"start":{"line":161,"column":2},"end":{"line":163,"column":3}},{"start":{},"end":{}}]},"22":{"loc":{"start":{"line":161,"column":6},"end":{"line":161,"column":25}},"type":"binary-expr","locations":[{"start":{"line":161,"column":6},"end":{"line":161,"column":12}},{"start":{"line":161,"column":16},"end":{"line":161,"column":25}}]},"23":{"loc":{"start":{"line":167,"column":2},"end":{"line":169,"column":3}},"type":"if","locations":[{"start":{"line":167,"column":2},"end":{"line":169,"column":3}},{"start":{},"end":{}}]},"24":{"loc":{"start":{"line":172,"column":2},"end":{"line":174,"column":3}},"type":"if","locations":[{"start":{"line":172,"column":2},"end":{"line":174,"column":3}},{"start":{},"end":{}}]},"25":{"loc":{"start":{"line":182,"column":28},"end":{"line":182,"column":42}},"type":"binary-expr","locations":[{"start":{"line":182,"column":28},"end":{"line":182,"column":36}},{"start":{"line":182,"column":40},"end":{"line":182,"column":42}}]},"26":{"loc":{"start":{"line":183,"column":2},"end":{"line":185,"column":3}},"type":"if","locations":[{"start":{"line":183,"column":2},"end":{"line":185,"column":3}},{"start":{},"end":{}}]},"27":{"loc":{"start":{"line":188,"column":2},"end":{"line":190,"column":3}},"type":"if","locations":[{"start":{"line":188,"column":2},"end":{"line":190,"column":3}},{"start":{},"end":{}}]},"28":{"loc":{"start":{"line":200,"column":2},"end":{"line":202,"column":3}},"type":"if","locations":[{"start":{"line":200,"column":2},"end":{"line":202,"column":3}},{"start":{},"end":{}}]},"29":{"loc":{"start":{"line":206,"column":2},"end":{"line":208,"column":3}},"type":"if","locations":[{"start":{"line":206,"column":2},"end":{"line":208,"column":3}},{"start":{},"end":{}}]},"30":{"loc":{"start":{"line":220,"column":2},"end":{"line":222,"column":3}},"type":"if","locations":[{"start":{"line":220,"column":2},"end":{"line":222,"column":3}},{"start":{},"end":{}}]}},"s":{"0":1,"1":1,"2":1,"3":1,"4":1,"5":1,"6":1,"7":1,"8":1,"9":1,"10":1,"11":1,"12":1,"13":10,"14":8,"15":7,"16":0,"17":7,"18":9,"19":0,"20":9,"21":1,"22":1,"23":1,"24":1,"25":0,"26":0,"27":1,"28":5,"29":5,"30":0,"31":5,"32":5,"33":5,"34":5,"35":0,"36":0,"37":5,"38":5,"39":5,"40":5,"41":0,"42":0,"43":5,"44":0,"45":7,"46":7,"47":7,"48":0,"49":7,"50":0,"51":7,"52":7,"53":7,"54":0,"55":7,"56":0,"57":7,"58":7,"59":7,"60":7,"61":7,"62":7,"63":0,"64":7,"65":4,"66":4,"67":4,"68":2,"69":2,"70":2,"71":2,"72":1,"73":1,"74":1,"75":1,"76":1,"77":1,"78":1,"79":1,"80":1,"81":1,"82":1,"83":1,"84":8,"85":8,"86":8,"87":2,"88":6,"89":6,"90":6,"91":1,"92":5,"93":5,"94":1,"95":4,"96":4,"97":4,"98":4,"99":4,"100":1,"101":3,"102":3,"103":1,"104":2,"105":2,"106":1,"107":1,"108":1,"109":0,"110":1,"111":1,"112":1,"113":0,"114":1,"115":1,"116":1,"117":1,"118":1,"119":1,"120":1,"121":0,"122":1,"123":1,"124":1,"125":1,"126":1,"127":0,"128":0,"129":0,"130":1,"131":1},"f":{"0":10,"1":8,"2":7,"3":9,"4":1,"5":1,"6":1,"7":5,"8":5,"9":5,"10":7,"11":7,"12":4,"13":8,"14":4,"15":1,"16":0,"17":1},"b":{"0":[0,7],"1":[0,9],"2":[0,1],"3":[0,5],"4":[0,5],"5":[0,5],"6":[0,7],"7":[0,7],"8":[7,0],"9":[7,0],"10":[0,7],"11":[0,7],"12":[7,0],"13":[0,7],"14":[4,0],"15":[4,1],"16":[2,2],"17":[4,3],"18":[1,1],"19":[8,0],"20":[8,1],"21":[2,6],"22":[8,7],"23":[1,5],"24":[1,4],"25":[4,0],"26":[1,3],"27":[1,2],"28":[0,1],"29":[0,1],"30":[0,1]}}
,"/home/hxfme/Documents/MyRepos/bridgeInChallenge/backend/src/modules/auth/auth.routes.ts": {"path":"/home/hxfme/Documents/MyRepos/bridgeInChallenge/backend/src/modules/auth/auth.routes.ts","statementMap":{"0":{"start":{"line":1,"column":0},"end":{"line":1,"column":33}},"1":{"start":{"line":2,"column":0},"end":{"line":2,"column":104}},"2":{"start":{"line":3,"column":0},"end":{"line":3,"column":38}},"3":{"start":{"line":5,"column":19},"end":{"line":5,"column":27}},"4":{"start":{"line":7,"column":0},"end":{"line":7,"column":36}},"5":{"start":{"line":8,"column":0},"end":{"line":8,"column":36}},"6":{"start":{"line":9,"column":0},"end":{"line":9,"column":50}},"7":{"start":{"line":10,"column":0},"end":{"line":10,"column":57}},"8":{"start":{"line":11,"column":0},"end":{"line":11,"column":61}},"9":{"start":{"line":12,"column":0},"end":{"line":12,"column":38}},"10":{"start":{"line":14,"column":0},"end":{"line":14,"column":26}}},"fnMap":{},"branchMap":{},"s":{"0":1,"1":1,"2":1,"3":1,"4":1,"5":1,"6":1,"7":1,"8":1,"9":1,"10":1},"f":{},"b":{}}
,"/home/hxfme/Documents/MyRepos/bridgeInChallenge/backend/src/modules/auth/jwtGuard.ts": {"path":"/home/hxfme/Documents/MyRepos/bridgeInChallenge/backend/src/modules/auth/jwtGuard.ts","statementMap":{"0":{"start":{"line":13,"column":0},"end":{"line":13,"column":16}},"1":{"start":{"line":2,"column":0},"end":{"line":2,"column":47}},"2":{"start":{"line":3,"column":0},"end":{"line":3,"column":64}},"3":{"start":{"line":4,"column":0},"end":{"line":4,"column":73}},"4":{"start":{"line":14,"column":22},"end":{"line":14,"column":69}},"5":{"start":{"line":15,"column":2},"end":{"line":18,"column":3}},"6":{"start":{"line":16,"column":4},"end":{"line":16,"column":52}},"7":{"start":{"line":17,"column":4},"end":{"line":17,"column":11}},"8":{"start":{"line":20,"column":17},"end":{"line":20,"column":46}},"9":{"start":{"line":21,"column":2},"end":{"line":24,"column":3}},"10":{"start":{"line":22,"column":4},"end":{"line":22,"column":77}},"11":{"start":{"line":23,"column":4},"end":{"line":23,"column":11}},"12":{"start":{"line":26,"column":2},"end":{"line":36,"column":3}},"13":{"start":{"line":27,"column":20},"end":{"line":27,"column":100}},"14":{"start":{"line":28,"column":4},"end":{"line":31,"column":5}},"15":{"start":{"line":29,"column":6},"end":{"line":29,"column":61}},"16":{"start":{"line":30,"column":6},"end":{"line":30,"column":13}},"17":{"start":{"line":32,"column":4},"end":{"line":32,"column":23}},"18":{"start":{"line":33,"column":4},"end":{"line":33,"column":97}},"19":{"start":{"line":35,"column":4},"end":{"line":35,"column":55}}},"fnMap":{"0":{"name":"jwtGuard","decl":{"start":{"line":13,"column":16},"end":{"line":13,"column":24}},"loc":{"start":{"line":13,"column":72},"end":{"line":37,"column":1}}}},"branchMap":{"0":{"loc":{"start":{"line":15,"column":2},"end":{"line":18,"column":3}},"type":"if","locations":[{"start":{"line":15,"column":2},"end":{"line":18,"column":3}},{"start":{},"end":{}}]},"1":{"loc":{"start":{"line":21,"column":2},"end":{"line":24,"column":3}},"type":"if","locations":[{"start":{"line":21,"column":2},"end":{"line":24,"column":3}},{"start":{},"end":{}}]},"2":{"loc":{"start":{"line":28,"column":4},"end":{"line":31,"column":5}},"type":"if","locations":[{"start":{"line":28,"column":4},"end":{"line":31,"column":5}},{"start":{},"end":{}}]},"3":{"loc":{"start":{"line":28,"column":40},"end":{"line":28,"column":56}},"type":"binary-expr","locations":[{"start":{"line":28,"column":40},"end":{"line":28,"column":51}},{"start":{"line":28,"column":55},"end":{"line":28,"column":56}}]}},"s":{"0":1,"1":1,"2":1,"3":1,"4":2,"5":2,"6":1,"7":1,"8":1,"9":1,"10":0,"11":0,"12":1,"13":1,"14":1,"15":0,"16":0,"17":1,"18":1,"19":0},"f":{"0":2},"b":{"0":[1,1],"1":[0,1],"2":[0,1],"3":[1,0]}}
,"/home/hxfme/Documents/MyRepos/bridgeInChallenge/backend/src/modules/companies/companies.entity.ts": {"path":"/home/hxfme/Documents/MyRepos/bridgeInChallenge/backend/src/modules/companies/companies.entity.ts","statementMap":{"0":{"start":{"line":1,"column":0},"end":{"line":1,"column":94}},"1":{"start":{"line":2,"column":0},"end":{"line":2,"column":45}},"2":{"start":{"line":3,"column":0},"end":{"line":3,"column":51}},"3":{"start":{"line":6,"column":7},"end":{"line":21,"column":null}},"4":{"start":{"line":6,"column":13},"end":{"line":6,"column":20}},"5":{"start":{"line":8,"column":2},"end":{"line":8,"column":null}},"6":{"start":{"line":11,"column":2},"end":{"line":11,"column":null}},"7":{"start":{"line":14,"column":2},"end":{"line":14,"column":null}},"8":{"start":{"line":17,"column":2},"end":{"line":17,"column":null}},"9":{"start":{"line":16,"column":19},"end":{"line":16,"column":23}},"10":{"start":{"line":16,"column":35},"end":{"line":16,"column":47}},"11":{"start":{"line":20,"column":2},"end":{"line":20,"column":null}},"12":{"start":{"line":19,"column":19},"end":{"line":19,"column":25}},"13":{"start":{"line":19,"column":39},"end":{"line":19,"column":53}},"14":{"start":{"line":6,"column":13},"end":{"line":21,"column":null}}},"fnMap":{"0":{"name":"(anonymous_2)","decl":{"start":{"line":16,"column":13},"end":{"line":16,"column":16}},"loc":{"start":{"line":16,"column":19},"end":{"line":16,"column":23}}},"1":{"name":"(anonymous_3)","decl":{"start":{"line":16,"column":25},"end":{"line":16,"column":26}},"loc":{"start":{"line":16,"column":35},"end":{"line":16,"column":47}}},"2":{"name":"(anonymous_4)","decl":{"start":{"line":19,"column":13},"end":{"line":19,"column":16}},"loc":{"start":{"line":19,"column":19},"end":{"line":19,"column":25}}},"3":{"name":"(anonymous_5)","decl":{"start":{"line":19,"column":27},"end":{"line":19,"column":28}},"loc":{"start":{"line":19,"column":39},"end":{"line":19,"column":53}}}},"branchMap":{},"s":{"0":6,"1":6,"2":6,"3":6,"4":6,"5":6,"6":6,"7":6,"8":6,"9":5,"10":5,"11":6,"12":5,"13":5,"14":6},"f":{"0":5,"1":5,"2":5,"3":5},"b":{}}
,"/home/hxfme/Documents/MyRepos/bridgeInChallenge/backend/src/modules/dashboard/dashboard.handler.ts": {"path":"/home/hxfme/Documents/MyRepos/bridgeInChallenge/backend/src/modules/dashboard/dashboard.handler.ts","statementMap":{"0":{"start":{"line":4,"column":0},"end":{"line":4,"column":7}},"1":{"start":{"line":2,"column":0},"end":{"line":2,"column":56}},"2":{"start":{"line":5,"column":2},"end":{"line":10,"column":3}},"3":{"start":{"line":6,"column":18},"end":{"line":6,"column":43}},"4":{"start":{"line":7,"column":4},"end":{"line":7,"column":32}},"5":{"start":{"line":9,"column":4},"end":{"line":9,"column":14}}},"fnMap":{"0":{"name":"dashboardFetchHandler","decl":{"start":{"line":4,"column":22},"end":{"line":4,"column":43}},"loc":{"start":{"line":4,"column":91},"end":{"line":11,"column":1}}}},"branchMap":{},"s":{"0":1,"1":1,"2":0,"3":0,"4":0,"5":0},"f":{"0":0},"b":{}}
,"/home/hxfme/Documents/MyRepos/bridgeInChallenge/backend/src/modules/dashboard/dashboard.routes.ts": {"path":"/home/hxfme/Documents/MyRepos/bridgeInChallenge/backend/src/modules/dashboard/dashboard.routes.ts","statementMap":{"0":{"start":{"line":1,"column":0},"end":{"line":1,"column":33}},"1":{"start":{"line":2,"column":0},"end":{"line":2,"column":44}},"2":{"start":{"line":3,"column":0},"end":{"line":3,"column":60}},"3":{"start":{"line":5,"column":15},"end":{"line":5,"column":23}},"4":{"start":{"line":7,"column":0},"end":{"line":7,"column":54}},"5":{"start":{"line":9,"column":0},"end":{"line":9,"column":22}}},"fnMap":{},"branchMap":{},"s":{"0":1,"1":1,"2":1,"3":1,"4":1,"5":1},"f":{},"b":{}}
,"/home/hxfme/Documents/MyRepos/bridgeInChallenge/backend/src/modules/dashboard/dashboard.service.ts": {"path":"/home/hxfme/Documents/MyRepos/bridgeInChallenge/backend/src/modules/dashboard/dashboard.service.ts","statementMap":{"0":{"start":{"line":16,"column":0},"end":{"line":16,"column":7}},"1":{"start":{"line":1,"column":0},"end":{"line":1,"column":69}},"2":{"start":{"line":2,"column":0},"end":{"line":2,"column":73}},"3":{"start":{"line":3,"column":0},"end":{"line":3,"column":45}},"4":{"start":{"line":4,"column":0},"end":{"line":4,"column":51}},"5":{"start":{"line":5,"column":0},"end":{"line":5,"column":60}},"6":{"start":{"line":17,"column":24},"end":{"line":17,"column":50}},"7":{"start":{"line":18,"column":13},"end":{"line":18,"column":31}},"8":{"start":{"line":20,"column":68},"end":{"line":36,"column":4}},"9":{"start":{"line":39,"column":49},"end":{"line":44,"column":4}},"10":{"start":{"line":45,"column":2},"end":{"line":47,"column":3}},"11":{"start":{"line":46,"column":4},"end":{"line":46,"column":51}},"12":{"start":{"line":49,"column":2},"end":{"line":56,"column":4}}},"fnMap":{"0":{"name":"getDashboardStats","decl":{"start":{"line":16,"column":22},"end":{"line":16,"column":39}},"loc":{"start":{"line":16,"column":39},"end":{"line":57,"column":1}}}},"branchMap":{},"s":{"0":1,"1":1,"2":1,"3":1,"4":1,"5":1,"6":0,"7":0,"8":0,"9":0,"10":0,"11":0,"12":0},"f":{"0":0},"b":{}}
,"/home/hxfme/Documents/MyRepos/bridgeInChallenge/backend/src/modules/magiclinks/magiclinks.entity.ts": {"path":"/home/hxfme/Documents/MyRepos/bridgeInChallenge/backend/src/modules/magiclinks/magiclinks.entity.ts","statementMap":{"0":{"start":{"line":1,"column":0},"end":{"line":1,"column":105}},"1":{"start":{"line":2,"column":0},"end":{"line":2,"column":55}},"2":{"start":{"line":3,"column":0},"end":{"line":3,"column":44}},"3":{"start":{"line":6,"column":7},"end":{"line":32,"column":null}},"4":{"start":{"line":6,"column":13},"end":{"line":6,"column":22}},"5":{"start":{"line":8,"column":2},"end":{"line":8,"column":null}},"6":{"start":{"line":11,"column":2},"end":{"line":11,"column":null}},"7":{"start":{"line":14,"column":2},"end":{"line":14,"column":null}},"8":{"start":{"line":18,"column":2},"end":{"line":18,"column":null}},"9":{"start":{"line":16,"column":19},"end":{"line":16,"column":26}},"10":{"start":{"line":21,"column":2},"end":{"line":21,"column":null}},"11":{"start":{"line":24,"column":2},"end":{"line":24,"column":null}},"12":{"start":{"line":28,"column":2},"end":{"line":28,"column":null}},"13":{"start":{"line":26,"column":19},"end":{"line":26,"column":23}},"14":{"start":{"line":31,"column":2},"end":{"line":31,"column":null}},"15":{"start":{"line":6,"column":13},"end":{"line":32,"column":null}}},"fnMap":{"0":{"name":"(anonymous_2)","decl":{"start":{"line":16,"column":13},"end":{"line":16,"column":16}},"loc":{"start":{"line":16,"column":19},"end":{"line":16,"column":26}}},"1":{"name":"(anonymous_3)","decl":{"start":{"line":26,"column":13},"end":{"line":26,"column":16}},"loc":{"start":{"line":26,"column":19},"end":{"line":26,"column":23}}}},"branchMap":{},"s":{"0":5,"1":5,"2":5,"3":5,"4":5,"5":5,"6":5,"7":5,"8":5,"9":5,"10":5,"11":5,"12":5,"13":5,"14":5,"15":5},"f":{"0":5,"1":5},"b":{}}
,"/home/hxfme/Documents/MyRepos/bridgeInChallenge/backend/src/modules/magiclinks/magiclinks.handler.ts": {"path":"/home/hxfme/Documents/MyRepos/bridgeInChallenge/backend/src/modules/magiclinks/magiclinks.handler.ts","statementMap":{"0":{"start":{"line":6,"column":0},"end":{"line":6,"column":7}},"1":{"start":{"line":18,"column":0},"end":{"line":18,"column":7}},"2":{"start":{"line":29,"column":0},"end":{"line":29,"column":7}},"3":{"start":{"line":2,"column":0},"end":{"line":2,"column":72}},"4":{"start":{"line":3,"column":0},"end":{"line":3,"column":81}},"5":{"start":{"line":7,"column":20},"end":{"line":7,"column":56}},"6":{"start":{"line":8,"column":2},"end":{"line":11,"column":3}},"7":{"start":{"line":9,"column":4},"end":{"line":9,"column":null}},"8":{"start":{"line":10,"column":4},"end":{"line":10,"column":10}},"9":{"start":{"line":12,"column":16},"end":{"line":12,"column":60}},"10":{"start":{"line":13,"column":17},"end":{"line":13,"column":59}},"11":{"start":{"line":14,"column":17},"end":{"line":14,"column":62}},"12":{"start":{"line":15,"column":2},"end":{"line":15,"column":null}},"13":{"start":{"line":19,"column":41},"end":{"line":19,"column":67}},"14":{"start":{"line":20,"column":2},"end":{"line":23,"column":3}},"15":{"start":{"line":21,"column":4},"end":{"line":21,"column":null}},"16":{"start":{"line":22,"column":4},"end":{"line":22,"column":10}},"17":{"start":{"line":24,"column":20},"end":{"line":24,"column":50}},"18":{"start":{"line":25,"column":18},"end":{"line":25,"column":70}},"19":{"start":{"line":26,"column":2},"end":{"line":26,"column":null}},"20":{"start":{"line":30,"column":25},"end":{"line":30,"column":54}},"21":{"start":{"line":31,"column":2},"end":{"line":34,"column":3}},"22":{"start":{"line":32,"column":4},"end":{"line":32,"column":null}},"23":{"start":{"line":33,"column":4},"end":{"line":33,"column":10}},"24":{"start":{"line":35,"column":34},"end":{"line":35,"column":60}},"25":{"start":{"line":36,"column":2},"end":{"line":39,"column":3}},"26":{"start":{"line":37,"column":4},"end":{"line":37,"column":null}},"27":{"start":{"line":38,"column":4},"end":{"line":38,"column":10}},"28":{"start":{"line":41,"column":2},"end":{"line":41,"column":null}},"29":{"start":{"line":42,"column":2},"end":{"line":42,"column":null}}},"fnMap":{"0":{"name":"listMagicLinks","decl":{"start":{"line":6,"column":22},"end":{"line":6,"column":36}},"loc":{"start":{"line":6,"column":64},"end":{"line":16,"column":1}}},"1":{"name":"createNewMagicLink","decl":{"start":{"line":18,"column":22},"end":{"line":18,"column":40}},"loc":{"start":{"line":18,"column":68},"end":{"line":27,"column":1}}},"2":{"name":"deleteMagicLink","decl":{"start":{"line":29,"column":22},"end":{"line":29,"column":37}},"loc":{"start":{"line":29,"column":65},"end":{"line":43,"column":1}}}},"branchMap":{"0":{"loc":{"start":{"line":8,"column":2},"end":{"line":11,"column":3}},"type":"if","locations":[{"start":{"line":8,"column":2},"end":{"line":11,"column":3}},{"start":{},"end":{}}]},"1":{"loc":{"start":{"line":12,"column":25},"end":{"line":12,"column":54}},"type":"binary-expr","locations":[{"start":{"line":12,"column":25},"end":{"line":12,"column":48}},{"start":{"line":12,"column":52},"end":{"line":12,"column":54}}]},"2":{"loc":{"start":{"line":13,"column":26},"end":{"line":13,"column":55}},"type":"binary-expr","locations":[{"start":{"line":13,"column":26},"end":{"line":13,"column":50}},{"start":{"line":13,"column":54},"end":{"line":13,"column":55}}]},"3":{"loc":{"start":{"line":20,"column":2},"end":{"line":23,"column":3}},"type":"if","locations":[{"start":{"line":20,"column":2},"end":{"line":23,"column":3}},{"start":{},"end":{}}]},"4":{"loc":{"start":{"line":31,"column":2},"end":{"line":34,"column":3}},"type":"if","locations":[{"start":{"line":31,"column":2},"end":{"line":34,"column":3}},{"start":{},"end":{}}]},"5":{"loc":{"start":{"line":36,"column":2},"end":{"line":39,"column":3}},"type":"if","locations":[{"start":{"line":36,"column":2},"end":{"line":39,"column":3}},{"start":{},"end":{}}]}},"s":{"0":1,"1":1,"2":1,"3":1,"4":1,"5":0,"6":0,"7":0,"8":0,"9":0,"10":0,"11":0,"12":0,"13":0,"14":0,"15":0,"16":0,"17":0,"18":0,"19":0,"20":0,"21":0,"22":0,"23":0,"24":0,"25":0,"26":0,"27":0,"28":0,"29":0},"f":{"0":0,"1":0,"2":0},"b":{"0":[0,0],"1":[0,0],"2":[0,0],"3":[0,0],"4":[0,0],"5":[0,0]}}
,"/home/hxfme/Documents/MyRepos/bridgeInChallenge/backend/src/modules/magiclinks/magiclinks.routes.ts": {"path":"/home/hxfme/Documents/MyRepos/bridgeInChallenge/backend/src/modules/magiclinks/magiclinks.routes.ts","statementMap":{"0":{"start":{"line":1,"column":0},"end":{"line":1,"column":32}},"1":{"start":{"line":2,"column":0},"end":{"line":2,"column":90}},"2":{"start":{"line":3,"column":0},"end":{"line":3,"column":65}},"3":{"start":{"line":5,"column":15},"end":{"line":5,"column":23}},"4":{"start":{"line":7,"column":0},"end":{"line":7,"column":null}},"5":{"start":{"line":8,"column":0},"end":{"line":8,"column":null}},"6":{"start":{"line":9,"column":0},"end":{"line":9,"column":null}},"7":{"start":{"line":11,"column":0},"end":{"line":11,"column":null}}},"fnMap":{},"branchMap":{},"s":{"0":1,"1":1,"2":1,"3":1,"4":1,"5":1,"6":1,"7":1},"f":{},"b":{}}
,"/home/hxfme/Documents/MyRepos/bridgeInChallenge/backend/src/modules/magiclinks/magiclinks.service.ts": {"path":"/home/hxfme/Documents/MyRepos/bridgeInChallenge/backend/src/modules/magiclinks/magiclinks.service.ts","statementMap":{"0":{"start":{"line":6,"column":0},"end":{"line":6,"column":7}},"1":{"start":{"line":18,"column":0},"end":{"line":18,"column":7}},"2":{"start":{"line":34,"column":0},"end":{"line":34,"column":7}},"3":{"start":{"line":2,"column":0},"end":{"line":2,"column":68}},"4":{"start":{"line":3,"column":0},"end":{"line":3,"column":47}},"5":{"start":{"line":4,"column":0},"end":{"line":4,"column":58}},"6":{"start":{"line":7,"column":15},"end":{"line":7,"column":58}},"7":{"start":{"line":8,"column":25},"end":{"line":14,"column":4}},"8":{"start":{"line":15,"column":2},"end":{"line":15,"column":null}},"9":{"start":{"line":19,"column":15},"end":{"line":19,"column":58}},"10":{"start":{"line":20,"column":24},"end":{"line":20,"column":53}},"11":{"start":{"line":22,"column":17},"end":{"line":27,"column":26}},"12":{"start":{"line":29,"column":16},"end":{"line":29,"column":39}},"13":{"start":{"line":30,"column":23},"end":{"line":30,"column":96}},"14":{"start":{"line":31,"column":2},"end":{"line":31,"column":null}},"15":{"start":{"line":35,"column":15},"end":{"line":35,"column":58}},"16":{"start":{"line":37,"column":15},"end":{"line":37,"column":63}},"17":{"start":{"line":39,"column":2},"end":{"line":44,"column":3}},"18":{"start":{"line":40,"column":21},"end":{"line":40,"column":54}},"19":{"start":{"line":41,"column":4},"end":{"line":41,"column":null}},"20":{"start":{"line":42,"column":4},"end":{"line":42,"column":null}},"21":{"start":{"line":43,"column":4},"end":{"line":43,"column":null}},"22":{"start":{"line":46,"column":2},"end":{"line":51,"column":3}},"23":{"start":{"line":47,"column":21},"end":{"line":47,"column":43}},"24":{"start":{"line":48,"column":4},"end":{"line":48,"column":null}},"25":{"start":{"line":49,"column":4},"end":{"line":49,"column":null}},"26":{"start":{"line":50,"column":4},"end":{"line":50,"column":null}},"27":{"start":{"line":53,"column":2},"end":{"line":53,"column":null}},"28":{"start":{"line":56,"column":0},"end":{"line":56,"column":null}}},"fnMap":{"0":{"name":"listByCompany","decl":{"start":{"line":6,"column":22},"end":{"line":6,"column":35}},"loc":{"start":{"line":6,"column":93},"end":{"line":16,"column":1}}},"1":{"name":"createMagicLink","decl":{"start":{"line":18,"column":22},"end":{"line":18,"column":37}},"loc":{"start":{"line":18,"column":107},"end":{"line":32,"column":1}}},"2":{"name":"deleteById","decl":{"start":{"line":34,"column":22},"end":{"line":34,"column":32}},"loc":{"start":{"line":34,"column":92},"end":{"line":54,"column":1}}}},"branchMap":{"0":{"loc":{"start":{"line":6,"column":55},"end":{"line":6,"column":73}},"type":"default-arg","locations":[{"start":{"line":6,"column":72},"end":{"line":6,"column":73}}]},"1":{"loc":{"start":{"line":6,"column":75},"end":{"line":6,"column":93}},"type":"default-arg","locations":[{"start":{"line":6,"column":91},"end":{"line":6,"column":93}}]},"2":{"loc":{"start":{"line":25,"column":11},"end":{"line":25,"column":24}},"type":"binary-expr","locations":[{"start":{"line":25,"column":11},"end":{"line":25,"column":16}},{"start":{"line":25,"column":20},"end":{"line":25,"column":24}}]},"3":{"loc":{"start":{"line":26,"column":15},"end":{"line":26,"column":62}},"type":"cond-expr","locations":[{"start":{"line":26,"column":29},"end":{"line":26,"column":55}},{"start":{"line":26,"column":58},"end":{"line":26,"column":62}}]},"4":{"loc":{"start":{"line":31,"column":9},"end":{"line":31,"column":30}},"type":"binary-expr","locations":[{"start":{"line":31,"column":9},"end":{"line":31,"column":21}},{"start":{"line":31,"column":25},"end":{"line":31,"column":30}}]},"5":{"loc":{"start":{"line":39,"column":2},"end":{"line":44,"column":3}},"type":"if","locations":[{"start":{"line":39,"column":2},"end":{"line":44,"column":3}},{"start":{},"end":{}}]},"6":{"loc":{"start":{"line":46,"column":2},"end":{"line":51,"column":3}},"type":"if","locations":[{"start":{"line":46,"column":2},"end":{"line":51,"column":3}},{"start":{},"end":{}}]},"7":{"loc":{"start":{"line":46,"column":6},"end":{"line":46,"column":53}},"type":"binary-expr","locations":[{"start":{"line":46,"column":6},"end":{"line":46,"column":22}},{"start":{"line":46,"column":26},"end":{"line":46,"column":53}}]}},"s":{"0":2,"1":2,"2":2,"3":2,"4":2,"5":2,"6":3,"7":3,"8":3,"9":12,"10":12,"11":12,"12":12,"13":12,"14":12,"15":4,"16":4,"17":4,"18":1,"19":1,"20":1,"21":1,"22":3,"23":1,"24":1,"25":1,"26":1,"27":2,"28":2},"f":{"0":3,"1":12,"2":4},"b":{"0":[1],"1":[1],"2":[12,2],"3":[12,0],"4":[12,0],"5":[1,3],"6":[1,2],"7":[3,2]}}
,"/home/hxfme/Documents/MyRepos/bridgeInChallenge/backend/src/modules/magiclinks/magiclinks.utils.ts": {"path":"/home/hxfme/Documents/MyRepos/bridgeInChallenge/backend/src/modules/magiclinks/magiclinks.utils.ts","statementMap":{"0":{"start":{"line":4,"column":0},"end":{"line":4,"column":7}},"1":{"start":{"line":10,"column":0},"end":{"line":10,"column":16}},"2":{"start":{"line":1,"column":0},"end":{"line":1,"column":35}},"3":{"start":{"line":5,"column":15},"end":{"line":5,"column":27}},"4":{"start":{"line":6,"column":2},"end":{"line":6,"column":null}},"5":{"start":{"line":11,"column":2},"end":{"line":24,"column":null}}},"fnMap":{"0":{"name":"generateMagicLinkData","decl":{"start":{"line":4,"column":22},"end":{"line":4,"column":43}},"loc":{"start":{"line":4,"column":43},"end":{"line":7,"column":1}}},"1":{"name":"serializeMagicLink","decl":{"start":{"line":10,"column":16},"end":{"line":10,"column":34}},"loc":{"start":{"line":10,"column":47},"end":{"line":25,"column":1}}}},"branchMap":{"0":{"loc":{"start":{"line":17,"column":15},"end":{"line":22,"column":12}},"type":"cond-expr","locations":[{"start":{"line":18,"column":8},"end":{"line":21,"column":null}},{"start":{"line":22,"column":8},"end":{"line":22,"column":12}}]}},"s":{"0":3,"1":3,"2":3,"3":15,"4":15,"5":4},"f":{"0":15,"1":4},"b":{"0":[3,1]}}
,"/home/hxfme/Documents/MyRepos/bridgeInChallenge/backend/src/modules/notifications/notifications.service.ts": {"path":"/home/hxfme/Documents/MyRepos/bridgeInChallenge/backend/src/modules/notifications/notifications.service.ts","statementMap":{"0":{"start":{"line":5,"column":0},"end":{"line":5,"column":7}},"1":{"start":{"line":9,"column":0},"end":{"line":9,"column":7}},"2":{"start":{"line":1,"column":0},"end":{"line":1,"column":69}},"3":{"start":{"line":2,"column":0},"end":{"line":2,"column":51}},"4":{"start":{"line":3,"column":0},"end":{"line":3,"column":61}},"5":{"start":{"line":6,"column":2},"end":{"line":6,"column":97}},"6":{"start":{"line":13,"column":16},"end":{"line":13,"column":38}},"7":{"start":{"line":14,"column":2},"end":{"line":18,"column":4}}},"fnMap":{"0":{"name":"getNewReportCount","decl":{"start":{"line":5,"column":22},"end":{"line":5,"column":39}},"loc":{"start":{"line":5,"column":57},"end":{"line":7,"column":1}}},"1":{"name":"enqueueReportNotification","decl":{"start":{"line":9,"column":22},"end":{"line":9,"column":47}},"loc":{"start":{"line":11,"column":18},"end":{"line":19,"column":1}}}},"branchMap":{},"s":{"0":2,"1":2,"2":2,"3":2,"4":2,"5":5,"6":3,"7":3},"f":{"0":5,"1":3},"b":{}}
,"/home/hxfme/Documents/MyRepos/bridgeInChallenge/backend/src/modules/reports/report-status-history.entity.ts": {"path":"/home/hxfme/Documents/MyRepos/bridgeInChallenge/backend/src/modules/reports/report-status-history.entity.ts","statementMap":{"0":{"start":{"line":1,"column":0},"end":{"line":1,"column":106}},"1":{"start":{"line":2,"column":0},"end":{"line":2,"column":56}},"2":{"start":{"line":3,"column":0},"end":{"line":3,"column":45}},"3":{"start":{"line":6,"column":7},"end":{"line":32,"column":null}},"4":{"start":{"line":6,"column":13},"end":{"line":6,"column":32}},"5":{"start":{"line":8,"column":2},"end":{"line":8,"column":null}},"6":{"start":{"line":11,"column":2},"end":{"line":11,"column":null}},"7":{"start":{"line":15,"column":2},"end":{"line":15,"column":null}},"8":{"start":{"line":13,"column":19},"end":{"line":13,"column":25}},"9":{"start":{"line":13,"column":39},"end":{"line":13,"column":59}},"10":{"start":{"line":18,"column":2},"end":{"line":18,"column":null}},"11":{"start":{"line":21,"column":2},"end":{"line":21,"column":null}},"12":{"start":{"line":24,"column":2},"end":{"line":24,"column":null}},"13":{"start":{"line":28,"column":2},"end":{"line":28,"column":null}},"14":{"start":{"line":26,"column":19},"end":{"line":26,"column":23}},"15":{"start":{"line":31,"column":2},"end":{"line":31,"column":null}},"16":{"start":{"line":6,"column":13},"end":{"line":32,"column":null}}},"fnMap":{"0":{"name":"(anonymous_2)","decl":{"start":{"line":13,"column":13},"end":{"line":13,"column":16}},"loc":{"start":{"line":13,"column":19},"end":{"line":13,"column":25}}},"1":{"name":"(anonymous_3)","decl":{"start":{"line":13,"column":27},"end":{"line":13,"column":28}},"loc":{"start":{"line":13,"column":39},"end":{"line":13,"column":59}}},"2":{"name":"(anonymous_4)","decl":{"start":{"line":26,"column":13},"end":{"line":26,"column":16}},"loc":{"start":{"line":26,"column":19},"end":{"line":26,"column":23}}}},"branchMap":{},"s":{"0":6,"1":6,"2":6,"3":6,"4":6,"5":6,"6":6,"7":6,"8":5,"9":5,"10":6,"11":6,"12":6,"13":6,"14":5,"15":6,"16":6},"f":{"0":5,"1":5,"2":5},"b":{}}
,"/home/hxfme/Documents/MyRepos/bridgeInChallenge/backend/src/modules/reports/reports.entity.ts": {"path":"/home/hxfme/Documents/MyRepos/bridgeInChallenge/backend/src/modules/reports/reports.entity.ts","statementMap":{"0":{"start":{"line":1,"column":0},"end":{"line":1,"column":null}},"1":{"start":{"line":11,"column":0},"end":{"line":11,"column":56}},"2":{"start":{"line":12,"column":0},"end":{"line":12,"column":69}},"3":{"start":{"line":17,"column":7},"end":{"line":45,"column":null}},"4":{"start":{"line":17,"column":13},"end":{"line":17,"column":19}},"5":{"start":{"line":19,"column":2},"end":{"line":19,"column":null}},"6":{"start":{"line":22,"column":2},"end":{"line":22,"column":null}},"7":{"start":{"line":26,"column":2},"end":{"line":26,"column":null}},"8":{"start":{"line":24,"column":19},"end":{"line":24,"column":26}},"9":{"start":{"line":24,"column":41},"end":{"line":24,"column":56}},"10":{"start":{"line":29,"column":2},"end":{"line":29,"column":null}},"11":{"start":{"line":32,"column":2},"end":{"line":32,"column":null}},"12":{"start":{"line":35,"column":2},"end":{"line":35,"column":null}},"13":{"start":{"line":38,"column":2},"end":{"line":38,"column":null}},"14":{"start":{"line":41,"column":2},"end":{"line":41,"column":null}},"15":{"start":{"line":44,"column":2},"end":{"line":44,"column":null}},"16":{"start":{"line":43,"column":19},"end":{"line":43,"column":38}},"17":{"start":{"line":43,"column":59},"end":{"line":43,"column":79}},"18":{"start":{"line":17,"column":13},"end":{"line":45,"column":null}}},"fnMap":{"0":{"name":"(anonymous_2)","decl":{"start":{"line":24,"column":13},"end":{"line":24,"column":16}},"loc":{"start":{"line":24,"column":19},"end":{"line":24,"column":26}}},"1":{"name":"(anonymous_3)","decl":{"start":{"line":24,"column":28},"end":{"line":24,"column":29}},"loc":{"start":{"line":24,"column":41},"end":{"line":24,"column":56}}},"2":{"name":"(anonymous_4)","decl":{"start":{"line":43,"column":13},"end":{"line":43,"column":16}},"loc":{"start":{"line":43,"column":19},"end":{"line":43,"column":38}}},"3":{"name":"(anonymous_5)","decl":{"start":{"line":43,"column":40},"end":{"line":43,"column":41}},"loc":{"start":{"line":43,"column":59},"end":{"line":43,"column":79}}}},"branchMap":{},"s":{"0":6,"1":6,"2":6,"3":6,"4":6,"5":6,"6":6,"7":6,"8":5,"9":5,"10":6,"11":6,"12":6,"13":6,"14":6,"15":6,"16":5,"17":5,"18":6},"f":{"0":5,"1":5,"2":5,"3":5},"b":{}}
,"/home/hxfme/Documents/MyRepos/bridgeInChallenge/backend/src/modules/reports/reports.handler.ts": {"path":"/home/hxfme/Documents/MyRepos/bridgeInChallenge/backend/src/modules/reports/reports.handler.ts","statementMap":{"0":{"start":{"line":5,"column":0},"end":{"line":5,"column":7}},"1":{"start":{"line":13,"column":0},"end":{"line":13,"column":7}},"2":{"start":{"line":21,"column":0},"end":{"line":21,"column":7}},"3":{"start":{"line":28,"column":0},"end":{"line":28,"column":7}},"4":{"start":{"line":36,"column":0},"end":{"line":36,"column":7}},"5":{"start":{"line":3,"column":0},"end":{"line":3,"column":117}},"6":{"start":{"line":6,"column":20},"end":{"line":6,"column":29}},"7":{"start":{"line":7,"column":2},"end":{"line":7,"column":70}},"8":{"start":{"line":7,"column":14},"end":{"line":7,"column":70}},"9":{"start":{"line":9,"column":17},"end":{"line":9,"column":57}},"10":{"start":{"line":10,"column":2},"end":{"line":10,"column":26}},"11":{"start":{"line":14,"column":40},"end":{"line":14,"column":54}},"12":{"start":{"line":15,"column":2},"end":{"line":15,"column":97}},"13":{"start":{"line":15,"column":40},"end":{"line":15,"column":97}},"14":{"start":{"line":17,"column":17},"end":{"line":17,"column":66}},"15":{"start":{"line":18,"column":2},"end":{"line":18,"column":38}},"16":{"start":{"line":22,"column":16},"end":{"line":22,"column":60}},"17":{"start":{"line":23,"column":17},"end":{"line":23,"column":59}},"18":{"start":{"line":24,"column":17},"end":{"line":24,"column":49}},"19":{"start":{"line":25,"column":2},"end":{"line":25,"column":26}},"20":{"start":{"line":29,"column":21},"end":{"line":29,"column":35}},"21":{"start":{"line":30,"column":2},"end":{"line":30,"column":71}},"22":{"start":{"line":30,"column":11},"end":{"line":30,"column":71}},"23":{"start":{"line":32,"column":2},"end":{"line":32,"column":25}},"24":{"start":{"line":33,"column":2},"end":{"line":33,"column":32}},"25":{"start":{"line":37,"column":25},"end":{"line":37,"column":39}},"26":{"start":{"line":38,"column":2},"end":{"line":38,"column":79}},"27":{"start":{"line":38,"column":22},"end":{"line":38,"column":79}},"28":{"start":{"line":40,"column":18},"end":{"line":40,"column":82}},"29":{"start":{"line":41,"column":2},"end":{"line":41,"column":27}}},"fnMap":{"0":{"name":"validateReportHandler","decl":{"start":{"line":5,"column":22},"end":{"line":5,"column":43}},"loc":{"start":{"line":5,"column":71},"end":{"line":11,"column":1}}},"1":{"name":"submitReportHandler","decl":{"start":{"line":13,"column":22},"end":{"line":13,"column":41}},"loc":{"start":{"line":13,"column":69},"end":{"line":19,"column":1}}},"2":{"name":"listReportsHandler","decl":{"start":{"line":21,"column":22},"end":{"line":21,"column":40}},"loc":{"start":{"line":21,"column":68},"end":{"line":26,"column":1}}},"3":{"name":"deleteReportHandler","decl":{"start":{"line":28,"column":22},"end":{"line":28,"column":41}},"loc":{"start":{"line":28,"column":85},"end":{"line":34,"column":1}}},"4":{"name":"updateReportStatusHandler","decl":{"start":{"line":36,"column":22},"end":{"line":36,"column":47}},"loc":{"start":{"line":36,"column":75},"end":{"line":42,"column":1}}}},"branchMap":{"0":{"loc":{"start":{"line":7,"column":2},"end":{"line":7,"column":70}},"type":"if","locations":[{"start":{"line":7,"column":2},"end":{"line":7,"column":70}},{"start":{},"end":{}}]},"1":{"loc":{"start":{"line":14,"column":40},"end":{"line":14,"column":54}},"type":"binary-expr","locations":[{"start":{"line":14,"column":40},"end":{"line":14,"column":48}},{"start":{"line":14,"column":52},"end":{"line":14,"column":54}}]},"2":{"loc":{"start":{"line":15,"column":2},"end":{"line":15,"column":97}},"type":"if","locations":[{"start":{"line":15,"column":2},"end":{"line":15,"column":97}},{"start":{},"end":{}}]},"3":{"loc":{"start":{"line":15,"column":6},"end":{"line":15,"column":38}},"type":"binary-expr","locations":[{"start":{"line":15,"column":6},"end":{"line":15,"column":12}},{"start":{"line":15,"column":16},"end":{"line":15,"column":22}},{"start":{"line":15,"column":26},"end":{"line":15,"column":38}}]},"4":{"loc":{"start":{"line":22,"column":25},"end":{"line":22,"column":54}},"type":"binary-expr","locations":[{"start":{"line":22,"column":25},"end":{"line":22,"column":48}},{"start":{"line":22,"column":52},"end":{"line":22,"column":54}}]},"5":{"loc":{"start":{"line":23,"column":26},"end":{"line":23,"column":55}},"type":"binary-expr","locations":[{"start":{"line":23,"column":26},"end":{"line":23,"column":50}},{"start":{"line":23,"column":54},"end":{"line":23,"column":55}}]},"6":{"loc":{"start":{"line":30,"column":2},"end":{"line":30,"column":71}},"type":"if","locations":[{"start":{"line":30,"column":2},"end":{"line":30,"column":71}},{"start":{},"end":{}}]},"7":{"loc":{"start":{"line":37,"column":25},"end":{"line":37,"column":39}},"type":"binary-expr","locations":[{"start":{"line":37,"column":25},"end":{"line":37,"column":33}},{"start":{"line":37,"column":37},"end":{"line":37,"column":39}}]},"8":{"loc":{"start":{"line":38,"column":2},"end":{"line":38,"column":79}},"type":"if","locations":[{"start":{"line":38,"column":2},"end":{"line":38,"column":79}},{"start":{},"end":{}}]},"9":{"loc":{"start":{"line":38,"column":6},"end":{"line":38,"column":20}},"type":"binary-expr","locations":[{"start":{"line":38,"column":6},"end":{"line":38,"column":9}},{"start":{"line":38,"column":13},"end":{"line":38,"column":20}}]}},"s":{"0":1,"1":1,"2":1,"3":1,"4":1,"5":1,"6":0,"7":0,"8":0,"9":0,"10":0,"11":0,"12":0,"13":0,"14":0,"15":0,"16":0,"17":0,"18":0,"19":0,"20":0,"21":0,"22":0,"23":0,"24":0,"25":0,"26":0,"27":0,"28":0,"29":0},"f":{"0":0,"1":0,"2":0,"3":0,"4":0},"b":{"0":[0,0],"1":[0,0],"2":[0,0],"3":[0,0,0],"4":[0,0],"5":[0,0],"6":[0,0],"7":[0,0],"8":[0,0],"9":[0,0]}}
,"/home/hxfme/Documents/MyRepos/bridgeInChallenge/backend/src/modules/reports/reports.routes.ts": {"path":"/home/hxfme/Documents/MyRepos/bridgeInChallenge/backend/src/modules/reports/reports.routes.ts","statementMap":{"0":{"start":{"line":1,"column":0},"end":{"line":1,"column":33}},"1":{"start":{"line":2,"column":0},"end":{"line":2,"column":62}},"2":{"start":{"line":3,"column":0},"end":{"line":3,"column":66}},"3":{"start":{"line":4,"column":0},"end":{"line":4,"column":72}},"4":{"start":{"line":5,"column":0},"end":{"line":5,"column":147}},"5":{"start":{"line":7,"column":15},"end":{"line":7,"column":23}},"6":{"start":{"line":9,"column":28},"end":{"line":9,"column":74}},"7":{"start":{"line":12,"column":0},"end":{"line":12,"column":54}},"8":{"start":{"line":13,"column":0},"end":{"line":13,"column":72}},"9":{"start":{"line":16,"column":0},"end":{"line":16,"column":55}},"10":{"start":{"line":17,"column":0},"end":{"line":17,"column":80}},"11":{"start":{"line":20,"column":0},"end":{"line":20,"column":70}},"12":{"start":{"line":22,"column":0},"end":{"line":22,"column":22}}},"fnMap":{},"branchMap":{},"s":{"0":1,"1":1,"2":1,"3":1,"4":1,"5":1,"6":1,"7":1,"8":1,"9":1,"10":1,"11":1,"12":1},"f":{},"b":{}}
,"/home/hxfme/Documents/MyRepos/bridgeInChallenge/backend/src/modules/reports/reports.service.ts": {"path":"/home/hxfme/Documents/MyRepos/bridgeInChallenge/backend/src/modules/reports/reports.service.ts","statementMap":{"0":{"start":{"line":9,"column":0},"end":{"line":9,"column":7}},"1":{"start":{"line":28,"column":0},"end":{"line":28,"column":7}},"2":{"start":{"line":68,"column":0},"end":{"line":68,"column":7}},"3":{"start":{"line":89,"column":0},"end":{"line":89,"column":7}},"4":{"start":{"line":104,"column":0},"end":{"line":104,"column":7}},"5":{"start":{"line":2,"column":0},"end":{"line":2,"column":69}},"6":{"start":{"line":3,"column":0},"end":{"line":3,"column":73}},"7":{"start":{"line":4,"column":0},"end":{"line":4,"column":60}},"8":{"start":{"line":5,"column":0},"end":{"line":5,"column":83}},"9":{"start":{"line":6,"column":0},"end":{"line":6,"column":56}},"10":{"start":{"line":7,"column":0},"end":{"line":7,"column":69}},"11":{"start":{"line":12,"column":15},"end":{"line":12,"column":58}},"12":{"start":{"line":13,"column":15},"end":{"line":16,"column":4}},"13":{"start":{"line":18,"column":2},"end":{"line":23,"column":3}},"14":{"start":{"line":19,"column":21},"end":{"line":19,"column":68}},"15":{"start":{"line":20,"column":4},"end":{"line":20,"column":21}},"16":{"start":{"line":21,"column":4},"end":{"line":21,"column":27}},"17":{"start":{"line":22,"column":4},"end":{"line":22,"column":14}},"18":{"start":{"line":25,"column":2},"end":{"line":25,"column":72}},"19":{"start":{"line":33,"column":24},"end":{"line":33,"column":64}},"20":{"start":{"line":35,"column":2},"end":{"line":40,"column":3}},"21":{"start":{"line":36,"column":21},"end":{"line":36,"column":51}},"22":{"start":{"line":37,"column":4},"end":{"line":37,"column":21}},"23":{"start":{"line":38,"column":4},"end":{"line":38,"column":34}},"24":{"start":{"line":39,"column":4},"end":{"line":39,"column":14}},"25":{"start":{"line":42,"column":2},"end":{"line":51,"column":3}},"26":{"start":{"line":47,"column":21},"end":{"line":47,"column":57}},"27":{"start":{"line":48,"column":4},"end":{"line":48,"column":21}},"28":{"start":{"line":49,"column":4},"end":{"line":49,"column":34}},"29":{"start":{"line":50,"column":4},"end":{"line":50,"column":14}},"30":{"start":{"line":53,"column":15},"end":{"line":53,"column":55}},"31":{"start":{"line":54,"column":17},"end":{"line":59,"column":4}},"32":{"start":{"line":61,"column":16},"end":{"line":61,"column":39}},"33":{"start":{"line":62,"column":2},"end":{"line":64,"column":4}},"34":{"start":{"line":63,"column":4},"end":{"line":63,"column":80}},"35":{"start":{"line":65,"column":2},"end":{"line":65,"column":15}},"36":{"start":{"line":69,"column":19},"end":{"line":69,"column":45}},"37":{"start":{"line":71,"column":2},"end":{"line":76,"column":3}},"38":{"start":{"line":72,"column":21},"end":{"line":72,"column":46}},"39":{"start":{"line":73,"column":4},"end":{"line":73,"column":21}},"40":{"start":{"line":74,"column":4},"end":{"line":74,"column":30}},"41":{"start":{"line":75,"column":4},"end":{"line":75,"column":14}},"42":{"start":{"line":78,"column":15},"end":{"line":78,"column":55}},"43":{"start":{"line":79,"column":25},"end":{"line":84,"column":4}},"44":{"start":{"line":86,"column":2},"end":{"line":86,"column":72}},"45":{"start":{"line":90,"column":19},"end":{"line":90,"column":45}},"46":{"start":{"line":91,"column":15},"end":{"line":91,"column":55}},"47":{"start":{"line":93,"column":17},"end":{"line":93,"column":76}},"48":{"start":{"line":94,"column":2},"end":{"line":99,"column":3}},"49":{"start":{"line":95,"column":21},"end":{"line":95,"column":50}},"50":{"start":{"line":96,"column":4},"end":{"line":96,"column":21}},"51":{"start":{"line":97,"column":4},"end":{"line":97,"column":27}},"52":{"start":{"line":98,"column":4},"end":{"line":98,"column":14}},"53":{"start":{"line":101,"column":2},"end":{"line":101,"column":28}},"54":{"start":{"line":108,"column":19},"end":{"line":108,"column":45}},"55":{"start":{"line":109,"column":21},"end":{"line":109,"column":61}},"56":{"start":{"line":111,"column":17},"end":{"line":111,"column":94}},"57":{"start":{"line":112,"column":2},"end":{"line":117,"column":3}},"58":{"start":{"line":113,"column":21},"end":{"line":113,"column":50}},"59":{"start":{"line":114,"column":4},"end":{"line":114,"column":21}},"60":{"start":{"line":115,"column":4},"end":{"line":115,"column":27}},"61":{"start":{"line":116,"column":4},"end":{"line":116,"column":14}},"62":{"start":{"line":119,"column":2},"end":{"line":121,"column":3}},"63":{"start":{"line":120,"column":4},"end":{"line":120,"column":18}},"64":{"start":{"line":123,"column":22},"end":{"line":123,"column":75}},"65":{"start":{"line":124,"column":23},"end":{"line":129,"column":4}},"66":{"start":{"line":130,"column":2},"end":{"line":130,"column":39}},"67":{"start":{"line":132,"column":2},"end":{"line":132,"column":33}},"68":{"start":{"line":133,"column":2},"end":{"line":133,"column":33}}},"fnMap":{"0":{"name":"validateReportToken","decl":{"start":{"line":9,"column":22},"end":{"line":9,"column":41}},"loc":{"start":{"line":10,"column":15},"end":{"line":26,"column":1}}},"1":{"name":"submitReport","decl":{"start":{"line":28,"column":22},"end":{"line":28,"column":34}},"loc":{"start":{"line":32,"column":1},"end":{"line":66,"column":1}}},"2":{"name":"(anonymous_2)","decl":{"start":{"line":62,"column":55},"end":{"line":62,"column":56}},"loc":{"start":{"line":63,"column":4},"end":{"line":63,"column":80}}},"3":{"name":"listReports","decl":{"start":{"line":68,"column":22},"end":{"line":68,"column":33}},"loc":{"start":{"line":68,"column":72},"end":{"line":87,"column":1}}},"4":{"name":"deleteReport","decl":{"start":{"line":89,"column":22},"end":{"line":89,"column":34}},"loc":{"start":{"line":89,"column":45},"end":{"line":102,"column":1}}},"5":{"name":"updateReportStatus","decl":{"start":{"line":104,"column":22},"end":{"line":104,"column":40}},"loc":{"start":{"line":107,"column":1},"end":{"line":134,"column":1}}}},"branchMap":{"0":{"loc":{"start":{"line":18,"column":2},"end":{"line":23,"column":3}},"type":"if","locations":[{"start":{"line":18,"column":2},"end":{"line":23,"column":3}},{"start":{},"end":{}}]},"1":{"loc":{"start":{"line":35,"column":2},"end":{"line":40,"column":3}},"type":"if","locations":[{"start":{"line":35,"column":2},"end":{"line":40,"column":3}},{"start":{},"end":{}}]},"2":{"loc":{"start":{"line":35,"column":6},"end":{"line":35,"column":88}},"type":"binary-expr","locations":[{"start":{"line":35,"column":6},"end":{"line":35,"column":20}},{"start":{"line":35,"column":24},"end":{"line":35,"column":57}},{"start":{"line":35,"column":61},"end":{"line":35,"column":88}}]},"3":{"loc":{"start":{"line":42,"column":2},"end":{"line":51,"column":3}},"type":"if","locations":[{"start":{"line":42,"column":2},"end":{"line":51,"column":3}},{"start":{},"end":{}}]},"4":{"loc":{"start":{"line":43,"column":4},"end":{"line":45,"column":37}},"type":"binary-expr","locations":[{"start":{"line":43,"column":4},"end":{"line":43,"column":24}},{"start":{"line":44,"column":4},"end":{"line":44,"column":43}},{"start":{"line":45,"column":4},"end":{"line":45,"column":37}}]},"5":{"loc":{"start":{"line":68,"column":34},"end":{"line":68,"column":52}},"type":"default-arg","locations":[{"start":{"line":68,"column":51},"end":{"line":68,"column":52}}]},"6":{"loc":{"start":{"line":68,"column":54},"end":{"line":68,"column":72}},"type":"default-arg","locations":[{"start":{"line":68,"column":70},"end":{"line":68,"column":72}}]},"7":{"loc":{"start":{"line":71,"column":2},"end":{"line":76,"column":3}},"type":"if","locations":[{"start":{"line":71,"column":2},"end":{"line":76,"column":3}},{"start":{},"end":{}}]},"8":{"loc":{"start":{"line":94,"column":2},"end":{"line":99,"column":3}},"type":"if","locations":[{"start":{"line":94,"column":2},"end":{"line":99,"column":3}},{"start":{},"end":{}}]},"9":{"loc":{"start":{"line":112,"column":2},"end":{"line":117,"column":3}},"type":"if","locations":[{"start":{"line":112,"column":2},"end":{"line":117,"column":3}},{"start":{},"end":{}}]},"10":{"loc":{"start":{"line":119,"column":2},"end":{"line":121,"column":3}},"type":"if","locations":[{"start":{"line":119,"column":2},"end":{"line":121,"column":3}},{"start":{},"end":{}}]}},"s":{"0":2,"1":2,"2":2,"3":2,"4":2,"5":2,"6":2,"7":2,"8":2,"9":2,"10":2,"11":8,"12":8,"13":8,"14":2,"15":2,"16":2,"17":2,"18":6,"19":6,"20":5,"21":2,"22":2,"23":2,"24":2,"25":3,"26":2,"27":2,"28":2,"29":2,"30":1,"31":1,"32":1,"33":1,"34":0,"35":1,"36":5,"37":4,"38":0,"39":0,"40":0,"41":0,"42":4,"43":4,"44":4,"45":3,"46":3,"47":3,"48":3,"49":2,"50":2,"51":2,"52":2,"53":1,"54":4,"55":4,"56":4,"57":4,"58":2,"59":2,"60":2,"61":2,"62":2,"63":1,"64":1,"65":1,"66":1,"67":1,"68":1},"f":{"0":8,"1":6,"2":0,"3":5,"4":3,"5":4},"b":{"0":[2,6],"1":[2,3],"2":[5,4,4],"3":[2,1],"4":[3,2,2],"5":[0],"6":[0],"7":[0,4],"8":[2,1],"9":[2,2],"10":[1,1]}}
,"/home/hxfme/Documents/MyRepos/bridgeInChallenge/backend/src/modules/users/users.entity.ts": {"path":"/home/hxfme/Documents/MyRepos/bridgeInChallenge/backend/src/modules/users/users.entity.ts","statementMap":{"0":{"start":{"line":1,"column":0},"end":{"line":1,"column":106}},"1":{"start":{"line":2,"column":0},"end":{"line":2,"column":56}},"2":{"start":{"line":7,"column":7},"end":{"line":29,"column":null}},"3":{"start":{"line":7,"column":13},"end":{"line":7,"column":17}},"4":{"start":{"line":9,"column":2},"end":{"line":9,"column":null}},"5":{"start":{"line":12,"column":2},"end":{"line":12,"column":null}},"6":{"start":{"line":16,"column":2},"end":{"line":16,"column":null}},"7":{"start":{"line":14,"column":19},"end":{"line":14,"column":26}},"8":{"start":{"line":14,"column":41},"end":{"line":14,"column":54}},"9":{"start":{"line":19,"column":2},"end":{"line":19,"column":null}},"10":{"start":{"line":22,"column":2},"end":{"line":22,"column":null}},"11":{"start":{"line":25,"column":2},"end":{"line":25,"column":null}},"12":{"start":{"line":28,"column":2},"end":{"line":28,"column":null}},"13":{"start":{"line":7,"column":13},"end":{"line":29,"column":null}}},"fnMap":{"0":{"name":"(anonymous_2)","decl":{"start":{"line":14,"column":13},"end":{"line":14,"column":16}},"loc":{"start":{"line":14,"column":19},"end":{"line":14,"column":26}}},"1":{"name":"(anonymous_3)","decl":{"start":{"line":14,"column":28},"end":{"line":14,"column":29}},"loc":{"start":{"line":14,"column":41},"end":{"line":14,"column":54}}}},"branchMap":{},"s":{"0":6,"1":6,"2":6,"3":6,"4":6,"5":6,"6":6,"7":5,"8":5,"9":6,"10":6,"11":6,"12":6,"13":6},"f":{"0":5,"1":5},"b":{}}
,"/home/hxfme/Documents/MyRepos/bridgeInChallenge/backend/src/modules/users/users.handler.ts": {"path":"/home/hxfme/Documents/MyRepos/bridgeInChallenge/backend/src/modules/users/users.handler.ts","statementMap":{"0":{"start":{"line":7,"column":0},"end":{"line":7,"column":7}},"1":{"start":{"line":21,"column":0},"end":{"line":21,"column":7}},"2":{"start":{"line":32,"column":0},"end":{"line":32,"column":7}},"3":{"start":{"line":41,"column":0},"end":{"line":41,"column":7}},"4":{"start":{"line":53,"column":0},"end":{"line":53,"column":7}},"5":{"start":{"line":2,"column":0},"end":{"line":2,"column":64}},"6":{"start":{"line":4,"column":0},"end":{"line":4,"column":157}},"7":{"start":{"line":5,"column":0},"end":{"line":5,"column":73}},"8":{"start":{"line":9,"column":53},"end":{"line":9,"column":67}},"9":{"start":{"line":10,"column":16},"end":{"line":10,"column":59}},"10":{"start":{"line":11,"column":19},"end":{"line":11,"column":51}},"11":{"start":{"line":13,"column":2},"end":{"line":13,"column":95}},"12":{"start":{"line":13,"column":28},"end":{"line":13,"column":95}},"13":{"start":{"line":14,"column":2},"end":{"line":14,"column":121}},"14":{"start":{"line":14,"column":40},"end":{"line":14,"column":121}},"15":{"start":{"line":16,"column":18},"end":{"line":16,"column":65}},"16":{"start":{"line":17,"column":37},"end":{"line":17,"column":52}},"17":{"start":{"line":18,"column":2},"end":{"line":18,"column":36}},"18":{"start":{"line":22,"column":40},"end":{"line":22,"column":54}},"19":{"start":{"line":23,"column":19},"end":{"line":23,"column":51}},"20":{"start":{"line":25,"column":2},"end":{"line":25,"column":106}},"21":{"start":{"line":25,"column":37},"end":{"line":25,"column":106}},"22":{"start":{"line":26,"column":2},"end":{"line":26,"column":121}},"23":{"start":{"line":26,"column":40},"end":{"line":26,"column":121}},"24":{"start":{"line":28,"column":2},"end":{"line":28,"column":52}},"25":{"start":{"line":29,"column":2},"end":{"line":29,"column":29}},"26":{"start":{"line":33,"column":21},"end":{"line":33,"column":35}},"27":{"start":{"line":34,"column":2},"end":{"line":34,"column":69}},"28":{"start":{"line":34,"column":11},"end":{"line":34,"column":69}},"29":{"start":{"line":36,"column":20},"end":{"line":36,"column":56}},"30":{"start":{"line":37,"column":2},"end":{"line":37,"column":44}},"31":{"start":{"line":38,"column":2},"end":{"line":38,"column":32}},"32":{"start":{"line":42,"column":16},"end":{"line":42,"column":60}},"33":{"start":{"line":43,"column":17},"end":{"line":43,"column":59}},"34":{"start":{"line":44,"column":21},"end":{"line":44,"column":30}},"35":{"start":{"line":46,"column":20},"end":{"line":46,"column":56}},"36":{"start":{"line":48,"column":17},"end":{"line":48,"column":107}},"37":{"start":{"line":50,"column":2},"end":{"line":50,"column":26}},"38":{"start":{"line":54,"column":2},"end":{"line":75,"column":3}},"39":{"start":{"line":55,"column":53},"end":{"line":55,"column":67}},"40":{"start":{"line":56,"column":4},"end":{"line":56,"column":74}},"41":{"start":{"line":56,"column":17},"end":{"line":56,"column":74}},"42":{"start":{"line":58,"column":4},"end":{"line":70,"column":5}},"43":{"start":{"line":59,"column":6},"end":{"line":61,"column":7}},"44":{"start":{"line":60,"column":8},"end":{"line":60,"column":95}},"45":{"start":{"line":62,"column":6},"end":{"line":64,"column":7}},"46":{"start":{"line":63,"column":8},"end":{"line":63,"column":93}},"47":{"start":{"line":65,"column":6},"end":{"line":65,"column":118}},"48":{"start":{"line":66,"column":11},"end":{"line":70,"column":5}},"49":{"start":{"line":67,"column":6},"end":{"line":67,"column":42}},"50":{"start":{"line":69,"column":6},"end":{"line":69,"column":63}},"51":{"start":{"line":72,"column":4},"end":{"line":72,"column":46}},"52":{"start":{"line":74,"column":4},"end":{"line":74,"column":14}}},"fnMap":{"0":{"name":"addUser","decl":{"start":{"line":7,"column":22},"end":{"line":7,"column":29}},"loc":{"start":{"line":7,"column":77},"end":{"line":19,"column":1}}},"1":{"name":"updateUserPassword","decl":{"start":{"line":21,"column":22},"end":{"line":21,"column":40}},"loc":{"start":{"line":21,"column":68},"end":{"line":30,"column":1}}},"2":{"name":"removeUser","decl":{"start":{"line":32,"column":22},"end":{"line":32,"column":32}},"loc":{"start":{"line":32,"column":76},"end":{"line":39,"column":1}}},"3":{"name":"usersList","decl":{"start":{"line":41,"column":22},"end":{"line":41,"column":31}},"loc":{"start":{"line":41,"column":59},"end":{"line":51,"column":1}}},"4":{"name":"updateOwnSettingsHandler","decl":{"start":{"line":53,"column":22},"end":{"line":53,"column":46}},"loc":{"start":{"line":53,"column":90},"end":{"line":76,"column":1}}}},"branchMap":{"0":{"loc":{"start":{"line":9,"column":53},"end":{"line":9,"column":67}},"type":"binary-expr","locations":[{"start":{"line":9,"column":53},"end":{"line":9,"column":61}},{"start":{"line":9,"column":65},"end":{"line":9,"column":67}}]},"1":{"loc":{"start":{"line":10,"column":23},"end":{"line":10,"column":37}},"type":"binary-expr","locations":[{"start":{"line":10,"column":23},"end":{"line":10,"column":31}},{"start":{"line":10,"column":35},"end":{"line":10,"column":37}}]},"2":{"loc":{"start":{"line":11,"column":26},"end":{"line":11,"column":43}},"type":"binary-expr","locations":[{"start":{"line":11,"column":26},"end":{"line":11,"column":37}},{"start":{"line":11,"column":41},"end":{"line":11,"column":43}}]},"3":{"loc":{"start":{"line":13,"column":2},"end":{"line":13,"column":95}},"type":"if","locations":[{"start":{"line":13,"column":2},"end":{"line":13,"column":95}},{"start":{},"end":{}}]},"4":{"loc":{"start":{"line":14,"column":2},"end":{"line":14,"column":121}},"type":"if","locations":[{"start":{"line":14,"column":2},"end":{"line":14,"column":121}},{"start":{},"end":{}}]},"5":{"loc":{"start":{"line":14,"column":6},"end":{"line":14,"column":38}},"type":"binary-expr","locations":[{"start":{"line":14,"column":6},"end":{"line":14,"column":15}},{"start":{"line":14,"column":19},"end":{"line":14,"column":38}}]},"6":{"loc":{"start":{"line":22,"column":40},"end":{"line":22,"column":54}},"type":"binary-expr","locations":[{"start":{"line":22,"column":40},"end":{"line":22,"column":48}},{"start":{"line":22,"column":52},"end":{"line":22,"column":54}}]},"7":{"loc":{"start":{"line":23,"column":26},"end":{"line":23,"column":43}},"type":"binary-expr","locations":[{"start":{"line":23,"column":26},"end":{"line":23,"column":37}},{"start":{"line":23,"column":41},"end":{"line":23,"column":43}}]},"8":{"loc":{"start":{"line":25,"column":2},"end":{"line":25,"column":106}},"type":"if","locations":[{"start":{"line":25,"column":2},"end":{"line":25,"column":106}},{"start":{},"end":{}}]},"9":{"loc":{"start":{"line":25,"column":6},"end":{"line":25,"column":35}},"type":"binary-expr","locations":[{"start":{"line":25,"column":6},"end":{"line":25,"column":9}},{"start":{"line":25,"column":13},"end":{"line":25,"column":35}}]},"10":{"loc":{"start":{"line":26,"column":2},"end":{"line":26,"column":121}},"type":"if","locations":[{"start":{"line":26,"column":2},"end":{"line":26,"column":121}},{"start":{},"end":{}}]},"11":{"loc":{"start":{"line":26,"column":6},"end":{"line":26,"column":38}},"type":"binary-expr","locations":[{"start":{"line":26,"column":6},"end":{"line":26,"column":15}},{"start":{"line":26,"column":19},"end":{"line":26,"column":38}}]},"12":{"loc":{"start":{"line":34,"column":2},"end":{"line":34,"column":69}},"type":"if","locations":[{"start":{"line":34,"column":2},"end":{"line":34,"column":69}},{"start":{},"end":{}}]},"13":{"loc":{"start":{"line":42,"column":25},"end":{"line":42,"column":54}},"type":"binary-expr","locations":[{"start":{"line":42,"column":25},"end":{"line":42,"column":48}},{"start":{"line":42,"column":52},"end":{"line":42,"column":54}}]},"14":{"loc":{"start":{"line":43,"column":26},"end":{"line":43,"column":55}},"type":"binary-expr","locations":[{"start":{"line":43,"column":26},"end":{"line":43,"column":50}},{"start":{"line":43,"column":54},"end":{"line":43,"column":55}}]},"15":{"loc":{"start":{"line":48,"column":69},"end":{"line":48,"column":104}},"type":"cond-expr","locations":[{"start":{"line":48,"column":78},"end":{"line":48,"column":92}},{"start":{"line":48,"column":95},"end":{"line":48,"column":104}}]},"16":{"loc":{"start":{"line":55,"column":53},"end":{"line":55,"column":67}},"type":"binary-expr","locations":[{"start":{"line":55,"column":53},"end":{"line":55,"column":61}},{"start":{"line":55,"column":65},"end":{"line":55,"column":67}}]},"17":{"loc":{"start":{"line":56,"column":4},"end":{"line":56,"column":74}},"type":"if","locations":[{"start":{"line":56,"column":4},"end":{"line":56,"column":74}},{"start":{},"end":{}}]},"18":{"loc":{"start":{"line":58,"column":4},"end":{"line":70,"column":5}},"type":"if","locations":[{"start":{"line":58,"column":4},"end":{"line":70,"column":5}},{"start":{"line":66,"column":11},"end":{"line":70,"column":5}}]},"19":{"loc":{"start":{"line":59,"column":6},"end":{"line":61,"column":7}},"type":"if","locations":[{"start":{"line":59,"column":6},"end":{"line":61,"column":7}},{"start":{},"end":{}}]},"20":{"loc":{"start":{"line":59,"column":10},"end":{"line":59,"column":42}},"type":"binary-expr","locations":[{"start":{"line":59,"column":10},"end":{"line":59,"column":26}},{"start":{"line":59,"column":30},"end":{"line":59,"column":42}}]},"21":{"loc":{"start":{"line":62,"column":6},"end":{"line":64,"column":7}},"type":"if","locations":[{"start":{"line":62,"column":6},"end":{"line":64,"column":7}},{"start":{},"end":{}}]},"22":{"loc":{"start":{"line":66,"column":11},"end":{"line":70,"column":5}},"type":"if","locations":[{"start":{"line":66,"column":11},"end":{"line":70,"column":5}},{"start":{"line":68,"column":11},"end":{"line":70,"column":5}}]}},"s":{"0":2,"1":2,"2":2,"3":2,"4":2,"5":2,"6":2,"7":2,"8":0,"9":0,"10":0,"11":0,"12":0,"13":0,"14":0,"15":0,"16":0,"17":0,"18":0,"19":0,"20":0,"21":0,"22":0,"23":0,"24":0,"25":0,"26":0,"27":0,"28":0,"29":0,"30":0,"31":0,"32":0,"33":0,"34":0,"35":0,"36":0,"37":0,"38":0,"39":0,"40":0,"41":0,"42":0,"43":0,"44":0,"45":0,"46":0,"47":0,"48":0,"49":0,"50":0,"51":0,"52":0},"f":{"0":0,"1":0,"2":0,"3":0,"4":0},"b":{"0":[0,0],"1":[0,0],"2":[0,0],"3":[0,0],"4":[0,0],"5":[0,0],"6":[0,0],"7":[0,0],"8":[0,0],"9":[0,0],"10":[0,0],"11":[0,0],"12":[0,0],"13":[0,0],"14":[0,0],"15":[0,0],"16":[0,0],"17":[0,0],"18":[0,0],"19":[0,0],"20":[0,0],"21":[0,0],"22":[0,0]}}
[...]
,"/home/hxfme/Documents/MyRepos/bridgeInChallenge/backend/src/shared/middleware/ensureManager.ts": {"path":"/home/hxfme/Documents/MyRepos/bridgeInChallenge/backend/src/shared/middleware/ensureManager.ts","statementMap":{"0":{"start":{"line":2,"column":0},"end":{"line":2,"column":55}},"1":{"start":{"line":5,"column":45},"end":{"line":14,"column":1}},"2":{"start":{"line":6,"column":19},"end":{"line":11,"column":3}},"3":{"start":{"line":7,"column":18},"end":{"line":7,"column":34}},"4":{"start":{"line":8,"column":4},"end":{"line":8,"column":72}},"5":{"start":{"line":8,"column":15},"end":{"line":8,"column":72}},"6":{"start":{"line":9,"column":4},"end":{"line":9,"column":112}},"7":{"start":{"line":9,"column":58},"end":{"line":9,"column":112}},"8":{"start":{"line":10,"column":4},"end":{"line":10,"column":18}},"9":{"start":{"line":13,"column":2},"end":{"line":13,"column":70}},"10":{"start":{"line":5,"column":13},"end":{"line":5,"column":45}},"11":{"start":{"line":16,"column":0},"end":{"line":16,"column":29}}},"fnMap":{"0":{"name":"(anonymous_0)","decl":{"start":{"line":5,"column":45},"end":{"line":5,"column":46}},"loc":{"start":{"line":5,"column":64},"end":{"line":14,"column":1}}},"1":{"name":"(anonymous_1)","decl":{"start":{"line":6,"column":19},"end":{"line":6,"column":20}},"loc":{"start":{"line":6,"column":34},"end":{"line":11,"column":3}}}},"branchMap":{"0":{"loc":{"start":{"line":8,"column":4},"end":{"line":8,"column":72}},"type":"if","locations":[{"start":{"line":8,"column":4},"end":{"line":8,"column":72}},{"start":{},"end":{}}]},"1":{"loc":{"start":{"line":9,"column":4},"end":{"line":9,"column":112}},"type":"if","locations":[{"start":{"line":9,"column":4},"end":{"line":9,"column":112}},{"start":{},"end":{}}]},"2":{"loc":{"start":{"line":9,"column":8},"end":{"line":9,"column":56}},"type":"binary-expr","locations":[{"start":{"line":9,"column":8},"end":{"line":9,"column":31}},{"start":{"line":9,"column":35},"end":{"line":9,"column":56}}]}},"s":{"0":1,"1":1,"2":0,"3":0,"4":0,"5":0,"6":0,"7":0,"8":0,"9":0,"10":1,"11":1},"f":{"0":0,"1":0},"b":{"0":[0,0],"1":[0,0],"2":[0,0]}}
,"/home/hxfme/Documents/MyRepos/bridgeInChallenge/backend/src/shared/middleware/errorHandler.ts": {"path":"/home/hxfme/Documents/MyRepos/bridgeInChallenge/backend/src/shared/middleware/errorHandler.ts","statementMap":{"0":{"start":{"line":3,"column":0},"end":{"line":3,"column":24}},"1":{"start":{"line":4,"column":17},"end":{"line":4,"column":35}},"2":{"start":{"line":5,"column":2},"end":{"line":7,"column":3}},"3":{"start":{"line":6,"column":4},"end":{"line":6,"column":51}},"4":{"start":{"line":8,"column":2},"end":{"line":8,"column":80}}},"fnMap":{"0":{"name":"errorHandler","decl":{"start":{"line":3,"column":24},"end":{"line":3,"column":36}},"loc":{"start":{"line":3,"column":94},"end":{"line":9,"column":1}}}},"branchMap":{"0":{"loc":{"start":{"line":4,"column":17},"end":{"line":4,"column":35}},"type":"binary-expr","locations":[{"start":{"line":4,"column":17},"end":{"line":4,"column":28}},{"start":{"line":4,"column":32},"end":{"line":4,"column":35}}]},"1":{"loc":{"start":{"line":5,"column":2},"end":{"line":7,"column":3}},"type":"if","locations":[{"start":{"line":5,"column":2},"end":{"line":7,"column":3}},{"start":{},"end":{}}]},"2":{"loc":{"start":{"line":8,"column":37},"end":{"line":8,"column":76}},"type":"binary-expr","locations":[{"start":{"line":8,"column":37},"end":{"line":8,"column":49}},{"start":{"line":8,"column":53},"end":{"line":8,"column":76}}]}},"s":{"0":2,"1":30,"2":30,"3":1,"4":30},"f":{"0":30},"b":{"0":[30,4],"1":[1,29],"2":[30,5]}}
,"/home/hxfme/Documents/MyRepos/bridgeInChallenge/backend/src/shared/middleware/rateLimiter.ts": {"path":"/home/hxfme/Documents/MyRepos/bridgeInChallenge/backend/src/shared/middleware/rateLimiter.ts","statementMap":{"0":{"start":{"line":13,"column":0},"end":{"line":13,"column":16}},"1":{"start":{"line":14,"column":16},"end":{"line":14,"column":45}},"2":{"start":{"line":16,"column":2},"end":{"line":42,"column":4}},"3":{"start":{"line":17,"column":16},"end":{"line":17,"column":26}},"4":{"start":{"line":20,"column":4},"end":{"line":24,"column":5}},"5":{"start":{"line":21,"column":6},"end":{"line":23,"column":7}},"6":{"start":{"line":22,"column":8},"end":{"line":22,"column":26}},"7":{"start":{"line":26,"column":15},"end":{"line":26,"column":34}},"8":{"start":{"line":27,"column":19},"end":{"line":27,"column":32}},"9":{"start":{"line":29,"column":4},"end":{"line":32,"column":5}},"10":{"start":{"line":30,"column":6},"end":{"line":30,"column":59}},"11":{"start":{"line":31,"column":6},"end":{"line":31,"column":20}},"12":{"start":{"line":34,"column":4},"end":{"line":34,"column":22}},"13":{"start":{"line":36,"column":4},"end":{"line":39,"column":5}},"14":{"start":{"line":37,"column":6},"end":{"line":37,"column":114}},"15":{"start":{"line":38,"column":6},"end":{"line":38,"column":13}},"16":{"start":{"line":41,"column":4},"end":{"line":41,"column":11}}},"fnMap":{"0":{"name":"createRateLimiter","decl":{"start":{"line":13,"column":16},"end":{"line":13,"column":33}},"loc":{"start":{"line":13,"column":71},"end":{"line":43,"column":1}}},"1":{"name":"(anonymous_1)","decl":{"start":{"line":16,"column":9},"end":{"line":16,"column":10}},"loc":{"start":{"line":16,"column":67},"end":{"line":42,"column":3}}}},"branchMap":{"0":{"loc":{"start":{"line":21,"column":6},"end":{"line":23,"column":7}},"type":"if","locations":[{"start":{"line":21,"column":6},"end":{"line":23,"column":7}},{"start":{},"end":{}}]},"1":{"loc":{"start":{"line":26,"column":15},"end":{"line":26,"column":34}},"type":"binary-expr","locations":[{"start":{"line":26,"column":15},"end":{"line":26,"column":21}},{"start":{"line":26,"column":25},"end":{"line":26,"column":34}}]},"2":{"loc":{"start":{"line":29,"column":4},"end":{"line":32,"column":5}},"type":"if","locations":[{"start":{"line":29,"column":4},"end":{"line":32,"column":5}},{"start":{},"end":{}}]},"3":{"loc":{"start":{"line":36,"column":4},"end":{"line":39,"column":5}},"type":"if","locations":[{"start":{"line":36,"column":4},"end":{"line":39,"column":5}},{"start":{},"end":{}}]}},"s":{"0":1,"1":1,"2":1,"3":0,"4":0,"5":0,"6":0,"7":0,"8":0,"9":0,"10":0,"11":0,"12":0,"13":0,"14":0,"15":0,"16":0},"f":{"0":1,"1":0},"b":{"0":[0,0],"1":[0,0],"2":[0,0],"3":[0,0]}}
,"/home/hxfme/Documents/MyRepos/bridgeInChallenge/backend/src/shared/redis/redis-client.ts": {"path":"/home/hxfme/Documents/MyRepos/bridgeInChallenge/backend/src/shared/redis/redis-client.ts","statementMap":{"0":{"start":{"line":7,"column":0},"end":{"line":7,"column":16}},"1":{"start":{"line":22,"column":0},"end":{"line":22,"column":16}},"2":{"start":{"line":1,"column":0},"end":{"line":1,"column":30}},"3":{"start":{"line":8,"column":2},"end":{"line":13,"column":4}},"4":{"start":{"line":16,"column":34},"end":{"line":16,"column":38}},"5":{"start":{"line":23,"column":2},"end":{"line":25,"column":3}},"6":{"start":{"line":24,"column":4},"end":{"line":24,"column":60}},"7":{"start":{"line":26,"column":2},"end":{"line":26,"column":21}}},"fnMap":{"0":{"name":"getBullMQConnectionOptions","decl":{"start":{"line":7,"column":16},"end":{"line":7,"column":42}},"loc":{"start":{"line":7,"column":42},"end":{"line":14,"column":1}}},"1":{"name":"getRedisClient","decl":{"start":{"line":22,"column":16},"end":{"line":22,"column":30}},"loc":{"start":{"line":22,"column":30},"end":{"line":27,"column":1}}}},"branchMap":{"0":{"loc":{"start":{"line":9,"column":10},"end":{"line":9,"column":47}},"type":"binary-expr","locations":[{"start":{"line":9,"column":10},"end":{"line":9,"column":32}},{"start":{"line":9,"column":36},"end":{"line":9,"column":47}}]},"1":{"loc":{"start":{"line":10,"column":17},"end":{"line":10,"column":47}},"type":"binary-expr","locations":[{"start":{"line":10,"column":17},"end":{"line":10,"column":39}},{"start":{"line":10,"column":43},"end":{"line":10,"column":47}}]},"2":{"loc":{"start":{"line":11,"column":14},"end":{"line":11,"column":53}},"type":"binary-expr","locations":[{"start":{"line":11,"column":14},"end":{"line":11,"column":40}},{"start":{"line":11,"column":44},"end":{"line":11,"column":53}}]},"3":{"loc":{"start":{"line":23,"column":2},"end":{"line":25,"column":3}},"type":"if","locations":[{"start":{"line":23,"column":2},"end":{"line":25,"column":3}},{"start":{},"end":{}}]}},"s":{"0":3,"1":3,"2":3,"3":0,"4":3,"5":0,"6":0,"7":0},"f":{"0":0,"1":0},"b":{"0":[0,0],"1":[0,0],"2":[0,0],"3":[0,0]}}
,"/home/hxfme/Documents/MyRepos/bridgeInChallenge/backend/src/shared/test-helpers/createTestDataSource.ts": {"path":"/home/hxfme/Documents/MyRepos/bridgeInChallenge/backend/src/shared/test-helpers/createTestDataSource.ts","statementMap":{"0":{"start":{"line":14,"column":0},"end":{"line":14,"column":7}},"1":{"start":{"line":1,"column":0},"end":{"line":1,"column":26}},"2":{"start":{"line":2,"column":0},"end":{"line":2,"column":41}},"3":{"start":{"line":4,"column":0},"end":{"line":4,"column":36}},"4":{"start":{"line":5,"column":0},"end":{"line":5,"column":59}},"5":{"start":{"line":6,"column":0},"end":{"line":6,"column":67}},"6":{"start":{"line":7,"column":0},"end":{"line":7,"column":56}},"7":{"start":{"line":8,"column":0},"end":{"line":8,"column":71}},"8":{"start":{"line":9,"column":0},"end":{"line":9,"column":62}},"9":{"start":{"line":10,"column":0},"end":{"line":10,"column":89}},"10":{"start":{"line":12,"column":21},"end":{"line":12,"column":76}},"11":{"start":{"line":15,"column":13},"end":{"line":15,"column":57}},"12":{"start":{"line":19,"column":2},"end":{"line":23,"column":5}},"13":{"start":{"line":22,"column":26},"end":{"line":22,"column":52}},"14":{"start":{"line":26,"column":2},"end":{"line":30,"column":5}},"15":{"start":{"line":29,"column":26},"end":{"line":29,"column":32}},"16":{"start":{"line":32,"column":2},"end":{"line":36,"column":5}},"17":{"start":{"line":35,"column":26},"end":{"line":35,"column":34}},"18":{"start":{"line":43,"column":2},"end":{"line":48,"column":5}},"19":{"start":{"line":47,"column":26},"end":{"line":47,"column":34}},"20":{"start":{"line":50,"column":2},"end":{"line":55,"column":5}},"21":{"start":{"line":54,"column":26},"end":{"line":54,"column":34}},"22":{"start":{"line":57,"column":25},"end":{"line":62,"column":4}},"23":{"start":{"line":64,"column":2},"end":{"line":64,"column":24}},"24":{"start":{"line":66,"column":2},"end":{"line":66,"column":23}},"25":{"start":{"line":68,"column":2},"end":{"line":68,"column":12}}},"fnMap":{"0":{"name":"createTestDataSource","decl":{"start":{"line":14,"column":22},"end":{"line":14,"column":42}},"loc":{"start":{"line":14,"column":42},"end":{"line":69,"column":1}}},"1":{"name":"(anonymous_1)","decl":{"start":{"line":22,"column":20},"end":{"line":22,"column":23}},"loc":{"start":{"line":22,"column":26},"end":{"line":22,"column":52}}},"2":{"name":"(anonymous_2)","decl":{"start":{"line":29,"column":20},"end":{"line":29,"column":23}},"loc":{"start":{"line":29,"column":26},"end":{"line":29,"column":32}}},"3":{"name":"(anonymous_3)","decl":{"start":{"line":35,"column":20},"end":{"line":35,"column":23}},"loc":{"start":{"line":35,"column":26},"end":{"line":35,"column":34}}},"4":{"name":"(anonymous_4)","decl":{"start":{"line":47,"column":20},"end":{"line":47,"column":23}},"loc":{"start":{"line":47,"column":26},"end":{"line":47,"column":34}}},"5":{"name":"(anonymous_5)","decl":{"start":{"line":54,"column":20},"end":{"line":54,"column":23}},"loc":{"start":{"line":54,"column":26},"end":{"line":54,"column":34}}}},"branchMap":{},"s":{"0":5,"1":5,"2":5,"3":5,"4":5,"5":5,"6":5,"7":5,"8":5,"9":5,"10":5,"11":5,"12":5,"13":5,"14":5,"15":10,"16":5,"17":0,"18":5,"19":42,"20":5,"21":0,"22":5,"23":5,"24":5,"25":5},"f":{"0":5,"1":5,"2":10,"3":0,"4":42,"5":0},"b":{}}
,"/home/hxfme/Documents/MyRepos/bridgeInChallenge/backend/src/shared/test-helpers/runWithTestAuth.ts": {"path":"/home/hxfme/Documents/MyRepos/bridgeInChallenge/backend/src/shared/test-helpers/runWithTestAuth.ts","statementMap":{"0":{"start":{"line":3,"column":0},"end":{"line":3,"column":16}},"1":{"start":{"line":1,"column":0},"end":{"line":1,"column":73}},"2":{"start":{"line":7,"column":2},"end":{"line":11,"column":5}},"3":{"start":{"line":8,"column":4},"end":{"line":10,"column":7}},"4":{"start":{"line":9,"column":6},"end":{"line":9,"column":39}}},"fnMap":{"0":{"name":"runWithTestAuth","decl":{"start":{"line":3,"column":16},"end":{"line":3,"column":31}},"loc":{"start":{"line":5,"column":22},"end":{"line":12,"column":1}}},"1":{"name":"(anonymous_1)","decl":{"start":{"line":7,"column":24},"end":{"line":7,"column":25}},"loc":{"start":{"line":7,"column":44},"end":{"line":11,"column":3}}},"2":{"name":"(anonymous_2)","decl":{"start":{"line":8,"column":26},"end":{"line":8,"column":29}},"loc":{"start":{"line":8,"column":31},"end":{"line":10,"column":5}}}},"branchMap":{},"s":{"0":3,"1":3,"2":40,"3":40,"4":40},"f":{"0":40,"1":40,"2":40},"b":{}}
,"/home/hxfme/Documents/MyRepos/bridgeInChallenge/backend/src/shared/utils/passwordUtils.ts": {"path":"/home/hxfme/Documents/MyRepos/bridgeInChallenge/backend/src/shared/utils/passwordUtils.ts","statementMap":{"0":{"start":{"line":9,"column":0},"end":{"line":9,"column":7}},"1":{"start":{"line":34,"column":0},"end":{"line":34,"column":7}},"2":{"start":{"line":1,"column":0},"end":{"line":1,"column":28}},"3":{"start":{"line":10,"column":2},"end":{"line":12,"column":3}},"4":{"start":{"line":11,"column":4},"end":{"line":11,"column":59}},"5":{"start":{"line":14,"column":15},"end":{"line":14,"column":53}},"6":{"start":{"line":16,"column":2},"end":{"line":24,"column":5}},"7":{"start":{"line":17,"column":4},"end":{"line":23,"column":7}},"8":{"start":{"line":18,"column":6},"end":{"line":22,"column":7}},"9":{"start":{"line":19,"column":8},"end":{"line":19,"column":22}},"10":{"start":{"line":21,"column":8},"end":{"line":21,"column":57}},"11":{"start":{"line":35,"column":2},"end":{"line":37,"column":3}},"12":{"start":{"line":36,"column":4},"end":{"line":36,"column":59}},"13":{"start":{"line":39,"column":2},"end":{"line":41,"column":3}},"14":{"start":{"line":40,"column":4},"end":{"line":40,"column":43}},"15":{"start":{"line":43,"column":22},"end":{"line":43,"column":37}},"16":{"start":{"line":45,"column":2},"end":{"line":47,"column":3}},"17":{"start":{"line":46,"column":4},"end":{"line":46,"column":65}},"18":{"start":{"line":49,"column":2},"end":{"line":58,"column":5}},"19":{"start":{"line":50,"column":4},"end":{"line":57,"column":7}},"20":{"start":{"line":51,"column":6},"end":{"line":56,"column":7}},"21":{"start":{"line":52,"column":8},"end":{"line":52,"column":22}},"22":{"start":{"line":54,"column":22},"end":{"line":54,"column":56}},"23":{"start":{"line":55,"column":8},"end":{"line":55,"column":23}}},"fnMap":{"0":{"name":"hashPassword","decl":{"start":{"line":9,"column":22},"end":{"line":9,"column":34}},"loc":{"start":{"line":9,"column":51},"end":{"line":25,"column":1}}},"1":{"name":"(anonymous_2)","decl":{"start":{"line":16,"column":29},"end":{"line":16,"column":30}},"loc":{"start":{"line":16,"column":49},"end":{"line":24,"column":3}}},"2":{"name":"(anonymous_3)","decl":{"start":{"line":17,"column":38},"end":{"line":17,"column":39}},"loc":{"start":{"line":17,"column":60},"end":{"line":23,"column":5}}},"3":{"name":"verifyPassword","decl":{"start":{"line":34,"column":22},"end":{"line":34,"column":36}},"loc":{"start":{"line":34,"column":67},"end":{"line":59,"column":1}}},"4":{"name":"(anonymous_5)","decl":{"start":{"line":49,"column":30},"end":{"line":49,"column":31}},"loc":{"start":{"line":49,"column":50},"end":{"line":58,"column":3}}},"5":{"name":"(anonymous_6)","decl":{"start":{"line":50,"column":38},"end":{"line":50,"column":39}},"loc":{"start":{"line":50,"column":60},"end":{"line":57,"column":5}}}},"branchMap":{"0":{"loc":{"start":{"line":10,"column":2},"end":{"line":12,"column":3}},"type":"if","locations":[{"start":{"line":10,"column":2},"end":{"line":12,"column":3}},{"start":{},"end":{}}]},"1":{"loc":{"start":{"line":10,"column":6},"end":{"line":10,"column":47}},"type":"binary-expr","locations":[{"start":{"line":10,"column":6},"end":{"line":10,"column":15}},{"start":{"line":10,"column":19},"end":{"line":10,"column":47}}]},"2":{"loc":{"start":{"line":18,"column":6},"end":{"line":22,"column":7}},"type":"if","locations":[{"start":{"line":18,"column":6},"end":{"line":22,"column":7}},{"start":{"line":20,"column":13},"end":{"line":22,"column":7}}]},"3":{"loc":{"start":{"line":35,"column":2},"end":{"line":37,"column":3}},"type":"if","locations":[{"start":{"line":35,"column":2},"end":{"line":37,"column":3}},{"start":{},"end":{}}]},"4":{"loc":{"start":{"line":35,"column":6},"end":{"line":35,"column":47}},"type":"binary-expr","locations":[{"start":{"line":35,"column":6},"end":{"line":35,"column":15}},{"start":{"line":35,"column":19},"end":{"line":35,"column":47}}]},"5":{"loc":{"start":{"line":39,"column":2},"end":{"line":41,"column":3}},"type":"if","locations":[{"start":{"line":39,"column":2},"end":{"line":41,"column":3}},{"start":{},"end":{}}]},"6":{"loc":{"start":{"line":39,"column":6},"end":{"line":39,"column":34}},"type":"binary-expr","locations":[{"start":{"line":39,"column":6},"end":{"line":39,"column":11}},{"start":{"line":39,"column":15},"end":{"line":39,"column":34}}]},"7":{"loc":{"start":{"line":45,"column":2},"end":{"line":47,"column":3}},"type":"if","locations":[{"start":{"line":45,"column":2},"end":{"line":47,"column":3}},{"start":{},"end":{}}]},"8":{"loc":{"start":{"line":45,"column":6},"end":{"line":45,"column":19}},"type":"binary-expr","locations":[{"start":{"line":45,"column":6},"end":{"line":45,"column":11}},{"start":{"line":45,"column":15},"end":{"line":45,"column":19}}]},"9":{"loc":{"start":{"line":51,"column":6},"end":{"line":56,"column":7}},"type":"if","locations":[{"start":{"line":51,"column":6},"end":{"line":56,"column":7}},{"start":{"line":53,"column":13},"end":{"line":56,"column":7}}]}},"s":{"0":1,"1":1,"2":1,"3":15,"4":4,"5":11,"6":11,"7":11,"8":11,"9":0,"10":11,"11":9,"12":2,"13":7,"14":1,"15":6,"16":6,"17":2,"18":4,"19":4,"20":4,"21":0,"22":4,"23":4},"f":{"0":15,"1":11,"2":11,"3":9,"4":4,"5":4},"b":{"0":[4,11],"1":[15,12],"2":[0,11],"3":[2,7],"4":[9,7],"5":[1,6],"6":[7,7],"7":[2,4],"8":[6,5],"9":[0,4]}}
,"/home/hxfme/Documents/MyRepos/bridgeInChallenge/backend/src/shared/utils/validateEmail.ts": {"path":"/home/hxfme/Documents/MyRepos/bridgeInChallenge/backend/src/shared/utils/validateEmail.ts","statementMap":{"0":{"start":{"line":1,"column":0},"end":{"line":1,"column":16}},"1":{"start":{"line":2,"column":2},"end":{"line":2,"column":56}},"2":{"start":{"line":2,"column":43},"end":{"line":2,"column":56}},"3":{"start":{"line":4,"column":13},"end":{"line":4,"column":41}},"4":{"start":{"line":5,"column":2},"end":{"line":5,"column":24}},"5":{"start":{"line":8,"column":0},"end":{"line":8,"column":28}}},"fnMap":{"0":{"name":"isValidEmail","decl":{"start":{"line":1,"column":16},"end":{"line":1,"column":28}},"loc":{"start":{"line":1,"column":42},"end":{"line":6,"column":1}}}},"branchMap":{"0":{"loc":{"start":{"line":2,"column":2},"end":{"line":2,"column":56}},"type":"if","locations":[{"start":{"line":2,"column":2},"end":{"line":2,"column":56}},{"start":{},"end":{}}]},"1":{"loc":{"start":{"line":2,"column":6},"end":{"line":2,"column":41}},"type":"binary-expr","locations":[{"start":{"line":2,"column":6},"end":{"line":2,"column":12}},{"start":{"line":2,"column":16},"end":{"line":2,"column":41}}]}},"s":{"0":3,"1":16,"2":4,"3":12,"4":12,"5":3},"f":{"0":16},"b":{"0":[4,12],"1":[16,13]}}
}
