TN:
SF:src/createApp.ts
FN:14,createApp
FN:29,(anonymous_2)
FNF:2
FNH:1
FNDA:1,createApp
FNDA:0,(anonymous_2)
DA:1,1
DA:2,1
DA:3,1
DA:4,1
DA:5,1
DA:6,1
DA:7,1
DA:8,1
DA:9,1
DA:10,1
DA:12,1
DA:14,1
DA:15,1
DA:16,1
DA:17,1
DA:19,1
DA:21,1
DA:23,1
DA:24,1
DA:27,1
DA:28,1
DA:29,0
DA:32,1
DA:33,1
DA:34,1
DA:35,1
DA:36,1
DA:38,1
DA:39,1
DA:42,1
LF:30
LH:29
BRDA:23,0,0,1
BRDA:23,0,1,0
BRDA:27,1,0,1
BRDA:27,1,1,0
BRDA:28,2,0,0
BRDA:28,2,1,1
BRF:6
BRH:3
end_of_record
TN:
SF:src/modules/auth/auth.handler.ts
FN:18,createHttpError
FN:22,md5Hash
FN:26,getAccessSecret
FN:33,getRefreshSecret
FN:40,hashPassword
FN:42,(anonymous_6)
FN:43,(anonymous_7)
FN:53,verifyPassword
FN:60,(anonymous_9)
FN:61,(anonymous_10)
FN:82,generateTokenPair
FN:117,setAccessTokenCookie
FN:130,signUp
FN:158,signIn
FN:181,refreshTokens
FN:215,checkSession
FN:247,getNotifications
FN:253,signOut
FNF:18
FNH:17
FNDA:10,createHttpError
FNDA:8,md5Hash
FNDA:7,getAccessSecret
FNDA:9,getRefreshSecret
FNDA:1,hashPassword
FNDA:1,(anonymous_6)
FNDA:1,(anonymous_7)
FNDA:5,verifyPassword
FNDA:5,(anonymous_9)
FNDA:5,(anonymous_10)
FNDA:7,generateTokenPair
FNDA:7,setAccessTokenCookie
FNDA:4,signUp
FNDA:8,signIn
FNDA:4,refreshTokens
FNDA:1,checkSession
FNDA:0,getNotifications
FNDA:1,signOut
DA:2,1
DA:3,1
DA:4,1
DA:5,1
DA:6,1
DA:7,1
DA:8,1
DA:19,10
DA:23,8
DA:27,7
DA:28,0
DA:30,7
DA:34,9
DA:35,0
DA:37,9
DA:41,1
DA:42,1
DA:43,1
DA:44,1
DA:45,0
DA:46,0
DA:48,1
DA:54,5
DA:55,5
DA:56,0
DA:59,5
DA:60,5
DA:61,5
DA:62,5
DA:63,0
DA:64,0
DA:67,5
DA:68,5
DA:69,5
DA:70,5
DA:71,0
DA:72,0
DA:74,5
DA:76,0
DA:83,7
DA:84,7
DA:85,7
DA:86,0
DA:88,7
DA:89,0
DA:92,7
DA:93,7
DA:94,7
DA:95,0
DA:97,7
DA:98,0
DA:100,7
DA:106,7
DA:108,7
DA:114,7
DA:118,7
DA:119,7
DA:120,0
DA:122,7
DA:130,1
DA:131,4
DA:132,4
DA:133,4
DA:134,2
DA:137,2
DA:138,2
DA:139,2
DA:140,1
DA:143,1
DA:144,1
DA:145,1
DA:147,1
DA:148,1
DA:149,1
DA:150,1
DA:151,1
DA:153,1
DA:154,1
DA:155,1
DA:158,1
DA:159,8
DA:160,8
DA:161,8
DA:162,2
DA:165,6
DA:166,6
DA:167,6
DA:168,1
DA:171,5
DA:172,5
DA:173,1
DA:176,4
DA:177,4
DA:178,4
DA:181,1
DA:182,4
DA:183,4
DA:184,1
DA:187,3
DA:188,3
DA:189,1
DA:193,2
DA:194,2
DA:196,1
DA:199,1
DA:200,1
DA:201,0
DA:204,1
DA:205,1
DA:206,1
DA:207,0
DA:210,1
DA:211,1
DA:212,1
DA:215,1
DA:216,1
DA:218,1
DA:219,1
DA:220,1
DA:221,0
DA:224,1
DA:229,1
DA:231,1
DA:232,1
DA:234,1
DA:247,1
DA:248,0
DA:249,0
DA:250,0
DA:253,1
DA:254,1
DA:259,1
LF:132
LH:111
BRDA:27,0,0,0
BRDA:27,0,1,7
BRDA:34,1,0,0
BRDA:34,1,1,9
BRDA:44,2,0,0
BRDA:44,2,1,1
BRDA:55,3,0,0
BRDA:55,3,1,5
BRDA:62,4,0,0
BRDA:62,4,1,5
BRDA:70,5,0,0
BRDA:70,5,1,5
BRDA:85,6,0,0
BRDA:85,6,1,7
BRDA:88,7,0,0
BRDA:88,7,1,7
BRDA:92,8,0,7
BRDA:92,8,1,0
BRDA:93,9,0,7
BRDA:93,9,1,0
BRDA:94,10,0,0
BRDA:94,10,1,7
BRDA:97,11,0,0
BRDA:97,11,1,7
BRDA:118,12,0,7
BRDA:118,12,1,0
BRDA:119,13,0,0
BRDA:119,13,1,7
BRDA:131,14,0,4
BRDA:131,14,1,0
BRDA:132,15,0,4
BRDA:132,15,1,1
BRDA:133,16,0,2
BRDA:133,16,1,2
BRDA:133,17,0,4
BRDA:133,17,1,3
BRDA:139,18,0,1
BRDA:139,18,1,1
BRDA:159,19,0,8
BRDA:159,19,1,0
BRDA:160,20,0,8
BRDA:160,20,1,1
BRDA:161,21,0,2
BRDA:161,21,1,6
BRDA:161,22,0,8
BRDA:161,22,1,7
BRDA:167,23,0,1
BRDA:167,23,1,5
BRDA:172,24,0,1
BRDA:172,24,1,4
BRDA:182,25,0,4
BRDA:182,25,1,0
BRDA:183,26,0,1
BRDA:183,26,1,3
BRDA:188,27,0,1
BRDA:188,27,1,2
BRDA:200,28,0,0
BRDA:200,28,1,1
BRDA:206,29,0,0
BRDA:206,29,1,1
BRDA:220,30,0,0
BRDA:220,30,1,1
BRF:62
BRH:42
end_of_record
TN:
SF:src/modules/auth/auth.routes.ts
FNF:0
FNH:0
DA:1,1
DA:2,1
DA:3,1
DA:5,1
DA:7,1
DA:8,1
DA:9,1
DA:10,1
DA:11,1
DA:12,1
DA:14,1
LF:11
LH:11
BRF:0
BRH:0
end_of_record
TN:
SF:src/modules/auth/jwtGuard.ts
FN:13,jwtGuard
FNF:1
FNH:1
FNDA:2,jwtGuard
DA:2,1
DA:3,1
DA:4,1
DA:13,1
DA:14,2
DA:15,2
DA:16,1
DA:17,1
DA:20,1
DA:21,1
DA:22,0
DA:23,0
DA:26,1
DA:27,1
DA:28,1
DA:29,0
DA:30,0
DA:32,1
DA:33,1
DA:35,0
LF:20
LH:15
BRDA:15,0,0,1
BRDA:15,0,1,1
BRDA:21,1,0,0
BRDA:21,1,1,1
BRDA:28,2,0,0
BRDA:28,2,1,1
BRDA:28,3,0,1
BRDA:28,3,1,0
BRF:8
BRH:5
end_of_record
TN:
SF:src/modules/companies/companies.entity.ts
FN:16,(anonymous_2)
FN:16,(anonymous_3)
FN:19,(anonymous_4)
FN:19,(anonymous_5)
FNF:4
FNH:4
FNDA:5,(anonymous_2)
FNDA:5,(anonymous_3)
FNDA:5,(anonymous_4)
FNDA:5,(anonymous_5)
DA:1,6
DA:2,6
DA:3,6
DA:6,6
DA:8,6
DA:11,6
DA:14,6
DA:16,5
DA:17,6
DA:19,5
DA:20,6
LF:11
LH:11
BRF:0
BRH:0
end_of_record
TN:
SF:src/modules/dashboard/dashboard.handler.ts
FN:4,dashboardFetchHandler
FNF:1
FNH:0
FNDA:0,dashboardFetchHandler
DA:2,1
DA:4,1
DA:5,0
DA:6,0
DA:7,0
DA:9,0
LF:6
LH:2
BRF:0
BRH:0
end_of_record
TN:
SF:src/modules/dashboard/dashboard.routes.ts
FNF:0
FNH:0
DA:1,1
DA:2,1
DA:3,1
DA:5,1
DA:7,1
DA:9,1
LF:6
LH:6
BRF:0
BRH:0
end_of_record
TN:
SF:src/modules/dashboard/dashboard.service.ts
FN:16,getDashboardStats
FNF:1
FNH:0
FNDA:0,getDashboardStats
DA:1,1
DA:2,1
DA:3,1
DA:4,1
DA:5,1
DA:16,1
DA:17,0
DA:18,0
DA:20,0
DA:39,0
DA:45,0
DA:46,0
DA:49,0
LF:13
LH:6
BRF:0
BRH:0
end_of_record
TN:
SF:src/modules/magiclinks/magiclinks.entity.ts
FN:16,(anonymous_2)
FN:26,(anonymous_3)
FNF:2
FNH:2
FNDA:5,(anonymous_2)
FNDA:5,(anonymous_3)
DA:1,5
DA:2,5
DA:3,5
DA:6,5
DA:8,5
DA:11,5
DA:14,5
DA:16,5
DA:18,5
DA:21,5
DA:24,5
DA:26,5
DA:28,5
DA:31,5
LF:14
LH:14
BRF:0
BRH:0
end_of_record
TN:
SF:src/modules/magiclinks/magiclinks.handler.ts
FN:6,listMagicLinks
FN:18,createNewMagicLink
FN:29,deleteMagicLink
FNF:3
FNH:0
FNDA:0,listMagicLinks
FNDA:0,createNewMagicLink
FNDA:0,deleteMagicLink
DA:2,1
DA:3,1
DA:6,1
DA:7,0
DA:8,0
DA:9,0
DA:10,0
DA:12,0
DA:13,0
DA:14,0
DA:15,0
DA:18,1
DA:19,0
DA:20,0
DA:21,0
DA:22,0
DA:24,0
DA:25,0
DA:26,0
DA:29,1
DA:30,0
DA:31,0
DA:32,0
DA:33,0
DA:35,0
DA:36,0
DA:37,0
DA:38,0
DA:41,0
DA:42,0
LF:30
LH:5
BRDA:8,0,0,0
BRDA:8,0,1,0
BRDA:12,1,0,0
BRDA:12,1,1,0
BRDA:13,2,0,0
BRDA:13,2,1,0
BRDA:20,3,0,0
BRDA:20,3,1,0
BRDA:31,4,0,0
BRDA:31,4,1,0
BRDA:36,5,0,0
BRDA:36,5,1,0
BRF:12
BRH:0
end_of_record
TN:
SF:src/modules/magiclinks/magiclinks.routes.ts
FNF:0
FNH:0
DA:1,1
DA:2,1
DA:3,1
DA:5,1
DA:7,1
DA:8,1
DA:9,1
DA:11,1
LF:8
LH:8
BRF:0
BRH:0
end_of_record
TN:
SF:src/modules/magiclinks/magiclinks.service.ts
FN:6,listByCompany
FN:18,createMagicLink
FN:34,deleteById
FNF:3
FNH:3
FNDA:3,listByCompany
FNDA:12,createMagicLink
FNDA:4,deleteById
DA:2,2
DA:3,2
DA:4,2
DA:6,2
DA:7,3
DA:8,3
DA:15,3
DA:18,2
DA:19,12
DA:20,12
DA:22,12
DA:29,12
DA:30,12
DA:31,12
DA:34,2
DA:35,4
DA:37,4
DA:39,4
DA:40,1
DA:41,1
DA:42,1
DA:43,1
DA:46,3
DA:47,1
DA:48,1
DA:49,1
DA:50,1
DA:53,2
DA:56,2
LF:29
LH:29
BRDA:6,0,0,1
BRDA:6,1,0,1
BRDA:25,2,0,12
BRDA:25,2,1,2
BRDA:26,3,0,12
BRDA:26,3,1,0
BRDA:31,4,0,12
BRDA:31,4,1,0
BRDA:39,5,0,1
BRDA:39,5,1,3
BRDA:46,6,0,1
BRDA:46,6,1,2
BRDA:46,7,0,3
BRDA:46,7,1,2
BRF:14
BRH:12
end_of_record
TN:
SF:src/modules/magiclinks/magiclinks.utils.ts
FN:4,generateMagicLinkData
FN:10,serializeMagicLink
FNF:2
FNH:2
FNDA:15,generateMagicLinkData
FNDA:4,serializeMagicLink
DA:1,3
DA:4,3
DA:5,15
DA:6,15
DA:10,3
DA:11,4
LF:6
LH:6
BRDA:17,0,0,3
BRDA:17,0,1,1
BRF:2
BRH:2
end_of_record
TN:
SF:src/modules/notifications/notifications.service.ts
FN:5,getNewReportCount
FN:9,enqueueReportNotification
FNF:2
FNH:2
FNDA:5,getNewReportCount
FNDA:3,enqueueReportNotification
DA:1,2
DA:2,2
DA:3,2
DA:5,2
DA:6,5
DA:9,2
DA:13,3
DA:14,3
LF:8
LH:8
BRF:0
BRH:0
end_of_record
TN:
SF:src/modules/reports/report-status-history.entity.ts
FN:13,(anonymous_2)
FN:13,(anonymous_3)
FN:26,(anonymous_4)
FNF:3
FNH:3
FNDA:5,(anonymous_2)
FNDA:5,(anonymous_3)
FNDA:5,(anonymous_4)
DA:1,6
DA:2,6
DA:3,6
DA:6,6
DA:8,6
DA:11,6
DA:13,5
DA:15,6
DA:18,6
DA:21,6
DA:24,6
DA:26,5
DA:28,6
DA:31,6
LF:14
LH:14
BRF:0
BRH:0
end_of_record
TN:
SF:src/modules/reports/reports.entity.ts
FN:24,(anonymous_2)
FN:24,(anonymous_3)
FN:43,(anonymous_4)
FN:43,(anonymous_5)
FNF:4
FNH:4
FNDA:5,(anonymous_2)
FNDA:5,(anonymous_3)
FNDA:5,(anonymous_4)
FNDA:5,(anonymous_5)
DA:1,6
DA:11,6
DA:12,6
DA:17,6
DA:19,6
DA:22,6
DA:24,5
DA:26,6
DA:29,6
DA:32,6
DA:35,6
DA:38,6
DA:41,6
DA:43,5
DA:44,6
LF:15
LH:15
BRF:0
BRH:0
end_of_record
TN:
SF:src/modules/reports/reports.handler.ts
FN:5,validateReportHandler
FN:13,submitReportHandler
FN:21,listReportsHandler
FN:28,deleteReportHandler
FN:36,updateReportStatusHandler
FNF:5
FNH:0
FNDA:0,validateReportHandler
FNDA:0,submitReportHandler
FNDA:0,listReportsHandler
FNDA:0,deleteReportHandler
FNDA:0,updateReportStatusHandler
DA:3,1
DA:5,1
DA:6,0
DA:7,0
DA:9,0
DA:10,0
DA:13,1
DA:14,0
DA:15,0
DA:17,0
DA:18,0
DA:21,1
DA:22,0
DA:23,0
DA:24,0
DA:25,0
DA:28,1
DA:29,0
DA:30,0
DA:32,0
DA:33,0
DA:36,1
DA:37,0
DA:38,0
DA:40,0
DA:41,0
LF:26
LH:6
BRDA:7,0,0,0
BRDA:7,0,1,0
BRDA:14,1,0,0
BRDA:14,1,1,0
BRDA:15,2,0,0
BRDA:15,2,1,0
BRDA:15,3,0,0
BRDA:15,3,1,0
BRDA:15,3,2,0
BRDA:22,4,0,0
BRDA:22,4,1,0
BRDA:23,5,0,0
BRDA:23,5,1,0
BRDA:30,6,0,0
BRDA:30,6,1,0
BRDA:37,7,0,0
BRDA:37,7,1,0
BRDA:38,8,0,0
BRDA:38,8,1,0
BRDA:38,9,0,0
BRDA:38,9,1,0
BRF:21
BRH:0
end_of_record
TN:
SF:src/modules/reports/reports.routes.ts
FNF:0
FNH:0
DA:1,1
DA:2,1
DA:3,1
DA:4,1
DA:5,1
DA:7,1
DA:9,1
DA:12,1
DA:13,1
DA:16,1
DA:17,1
DA:20,1
DA:22,1
LF:13
LH:13
BRF:0
BRH:0
end_of_record
TN:
SF:src/modules/reports/reports.service.ts
FN:9,validateReportToken
FN:28,submitReport
FN:62,(anonymous_2)
FN:68,listReports
FN:89,deleteReport
FN:104,updateReportStatus
FNF:6
FNH:5
FNDA:8,validateReportToken
FNDA:6,submitReport
FNDA:0,(anonymous_2)
FNDA:5,listReports
FNDA:3,deleteReport
FNDA:4,updateReportStatus
DA:2,2
DA:3,2
DA:4,2
DA:5,2
DA:6,2
DA:7,2
DA:9,2
DA:12,8
DA:13,8
DA:18,8
DA:19,2
DA:20,2
DA:21,2
DA:22,2
DA:25,6
DA:28,2
DA:33,6
DA:35,5
DA:36,2
DA:37,2
DA:38,2
DA:39,2
DA:42,3
DA:47,2
DA:48,2
DA:49,2
DA:50,2
DA:53,1
DA:54,1
DA:61,1
DA:62,1
DA:63,0
DA:65,1
DA:68,2
DA:69,5
DA:71,4
DA:72,0
DA:73,0
DA:74,0
DA:75,0
DA:78,4
DA:79,4
DA:86,4
DA:89,2
DA:90,3
DA:91,3
DA:93,3
DA:94,3
DA:95,2
DA:96,2
DA:97,2
DA:98,2
DA:101,1
DA:104,2
DA:108,4
DA:109,4
DA:111,4
DA:112,4
DA:113,2
DA:114,2
DA:115,2
DA:116,2
DA:119,2
DA:120,1
DA:123,1
DA:124,1
DA:130,1
DA:132,1
DA:133,1
LF:69
LH:64
BRDA:18,0,0,2
BRDA:18,0,1,6
BRDA:35,1,0,2
BRDA:35,1,1,3
BRDA:35,2,0,5
BRDA:35,2,1,4
BRDA:35,2,2,4
BRDA:42,3,0,2
BRDA:42,3,1,1
BRDA:43,4,0,3
BRDA:43,4,1,2
BRDA:43,4,2,2
BRDA:68,5,0,0
BRDA:68,6,0,0
BRDA:71,7,0,0
BRDA:71,7,1,4
BRDA:94,8,0,2
BRDA:94,8,1,1
BRDA:112,9,0,2
BRDA:112,9,1,2
BRDA:119,10,0,1
BRDA:119,10,1,1
BRF:22
BRH:19
end_of_record
TN:
SF:src/modules/users/users.entity.ts
FN:14,(anonymous_2)
FN:14,(anonymous_3)
FNF:2
FNH:2
FNDA:5,(anonymous_2)
FNDA:5,(anonymous_3)
DA:1,6
DA:2,6
DA:7,6
DA:9,6
DA:12,6
DA:14,5
DA:16,6
DA:19,6
DA:22,6
DA:25,6
DA:28,6
LF:11
LH:11
BRF:0
BRH:0
end_of_record
TN:
SF:src/modules/users/users.handler.ts
FN:7,addUser
FN:21,updateUserPassword
FN:32,removeUser
FN:41,usersList
FN:53,updateOwnSettingsHandler
FNF:5
FNH:0
FNDA:0,addUser
FNDA:0,updateUserPassword
FNDA:0,removeUser
FNDA:0,usersList
FNDA:0,updateOwnSettingsHandler
DA:2,2
DA:4,2
DA:5,2
DA:7,2
DA:9,0
DA:10,0
DA:11,0
DA:13,0
DA:14,0
DA:16,0
DA:17,0
DA:18,0
DA:21,2
DA:22,0
DA:23,0
DA:25,0
DA:26,0
DA:28,0
DA:29,0
DA:32,2
DA:33,0
DA:34,0
DA:36,0
DA:37,0
DA:38,0
DA:41,2
DA:42,0
DA:43,0
DA:44,0
DA:46,0
DA:48,0
DA:50,0
DA:53,2
DA:54,0
DA:55,0
DA:56,0
DA:58,0
DA:59,0
DA:60,0
DA:62,0
DA:63,0
DA:65,0
DA:66,0
DA:67,0
DA:69,0
DA:72,0
DA:74,0
LF:47
LH:8
BRDA:9,0,0,0
BRDA:9,0,1,0
BRDA:10,1,0,0
BRDA:10,1,1,0
BRDA:11,2,0,0
BRDA:11,2,1,0
BRDA:13,3,0,0
BRDA:13,3,1,0
BRDA:14,4,0,0
BRDA:14,4,1,0
BRDA:14,5,0,0
BRDA:14,5,1,0
BRDA:22,6,0,0
BRDA:22,6,1,0
BRDA:23,7,0,0
BRDA:23,7,1,0
BRDA:25,8,0,0
BRDA:25,8,1,0
BRDA:25,9,0,0
BRDA:25,9,1,0
BRDA:26,10,0,0
BRDA:26,10,1,0
BRDA:26,11,0,0
BRDA:26,11,1,0
BRDA:34,12,0,0
BRDA:34,12,1,0
BRDA:42,13,0,0
BRDA:42,13,1,0
BRDA:43,14,0,0
BRDA:43,14,1,0
BRDA:48,15,0,0
BRDA:48,15,1,0
BRDA:55,16,0,0
BRDA:55,16,1,0
BRDA:56,17,0,0
BRDA:56,17,1,0
BRDA:58,18,0,0
BRDA:58,18,1,0
BRDA:59,19,0,0
BRDA:59,19,1,0
BRDA:59,20,0,0
BRDA:59,20,1,0
BRDA:62,21,0,0
BRDA:62,21,1,0
BRDA:66,22,0,0
BRDA:66,22,1,0
BRF:46
BRH:0
end_of_record
TN:
SF:src/modules/users/users.routes.ts
FNF:0
FNH:0
DA:1,1
DA:2,1
DA:3,1
DA:4,1
DA:5,1
DA:7,1
DA:9,1
DA:10,1
DA:11,1
DA:12,1
DA:13,1
DA:15,1
LF:12
LH:12
BRF:0
BRH:0
end_of_record
TN:
SF:src/modules/users/users.service.ts
FN:9,createUserForCompany
FN:32,(anonymous_2)
FN:33,(anonymous_3)
FN:51,deleteUserFromCompany
FN:80,updateUserPassword
FN:99,(anonymous_6)
FN:100,(anonymous_7)
FN:110,listUsers
FN:129,(anonymous_9)
FN:139,updateOwnSettings
FN:158,(anonymous_11)
FN:159,(anonymous_12)
FN:173,(anonymous_13)
FN:174,(anonymous_14)
FNF:14
FNH:9
FNDA:3,createUserForCompany
FNDA:1,(anonymous_2)
FNDA:1,(anonymous_3)
FNDA:4,deleteUserFromCompany
FNDA:3,updateUserPassword
FNDA:1,(anonymous_6)
FNDA:1,(anonymous_7)
FNDA:11,listUsers
FNDA:15,(anonymous_9)
FNDA:0,updateOwnSettings
FNDA:0,(anonymous_11)
FNDA:0,(anonymous_12)
FNDA:0,(anonymous_13)
FNDA:0,(anonymous_14)
DA:1,3
DA:2,3
DA:3,3
DA:4,3
DA:5,3
DA:9,3
DA:12,3
DA:14,3
DA:15,1
DA:16,1
DA:17,1
DA:18,1
DA:21,2
DA:22,2
DA:23,2
DA:24,1
DA:25,1
DA:26,1
DA:27,1
DA:31,1
DA:32,1
DA:33,1
DA:34,1
DA:35,1
DA:39,1
DA:40,1
DA:47,1
DA:48,1
DA:51,3
DA:53,4
DA:54,1
DA:55,1
DA:56,1
DA:57,1
DA:60,3
DA:61,3
DA:62,3
DA:63,1
DA:64,1
DA:65,1
DA:66,1
DA:70,2
DA:71,1
DA:72,1
DA:73,1
DA:74,1
DA:77,1
DA:80,3
DA:81,3
DA:82,3
DA:83,1
DA:84,1
DA:85,1
DA:86,1
DA:89,2
DA:90,2
DA:91,2
DA:92,1
DA:93,1
DA:94,1
DA:95,1
DA:98,1
DA:99,1
DA:100,1
DA:101,1
DA:102,1
DA:106,1
DA:107,1
DA:110,3
DA:116,11
DA:117,11
DA:119,11
DA:120,6
DA:123,11
DA:124,11
DA:126,11
DA:128,11
DA:129,15
DA:139,3
DA:140,0
DA:142,0
DA:143,0
DA:144,0
DA:148,0
DA:149,0
DA:150,0
DA:151,0
DA:152,0
DA:153,0
DA:154,0
DA:157,0
DA:158,0
DA:159,0
DA:160,0
DA:161,0
DA:165,0
DA:166,0
DA:167,0
DA:168,0
DA:169,0
DA:172,0
DA:173,0
DA:174,0
DA:175,0
DA:176,0
DA:180,0
DA:181,0
LF:107
LH:79
BRDA:14,0,0,1
BRDA:14,0,1,2
BRDA:23,1,0,1
BRDA:23,1,1,1
BRDA:34,2,0,0
BRDA:34,2,1,1
BRDA:53,3,0,1
BRDA:53,3,1,3
BRDA:62,4,0,1
BRDA:62,4,1,2
BRDA:70,5,0,1
BRDA:70,5,1,1
BRDA:82,6,0,1
BRDA:82,6,1,2
BRDA:91,7,0,1
BRDA:91,7,1,1
BRDA:101,8,0,0
BRDA:101,8,1,1
BRDA:119,9,0,6
BRDA:119,9,1,5
BRDA:142,10,0,0
BRDA:142,10,1,0
BRDA:150,11,0,0
BRDA:150,11,1,0
BRDA:160,12,0,0
BRDA:160,12,1,0
BRDA:165,13,0,0
BRDA:165,13,1,0
BRDA:175,14,0,0
BRDA:175,14,1,0
BRF:30
BRH:18
end_of_record
TN:
SF:src/shared/auth/authContext.ts
FN:11,runWithAuthUser
FN:15,getAuthenticatedUserData
FNF:2
FNH:2
FNDA:45,runWithAuthUser
FNDA:28,getAuthenticatedUserData
DA:1,6
DA:9,6
DA:11,6
DA:12,45
DA:15,6
DA:16,28
DA:17,28
DA:18,2
DA:20,26
LF:9
LH:9
BRDA:17,0,0,2
BRDA:17,0,1,26
BRF:2
BRH:2
end_of_record
TN:
SF:src/shared/auth/requestContext.ts
FN:3,requestContextMiddleware
FNF:1
FNH:1
FNDA:19,requestContextMiddleware
DA:3,1
DA:5,19
DA:6,19
DA:9,1
LF:4
LH:4
BRDA:5,0,0,19
BRDA:5,0,1,19
BRF:2
BRH:2
end_of_record
TN:
SF:src/shared/auth/tokenInvalidation.ts
FN:15,loadInvalidationMapFromRedis
FN:34,invalidateUser
FN:44,isTokenInvalidated
FNF:3
FNH:1
FNDA:0,loadInvalidationMapFromRedis
FNDA:0,invalidateUser
FNDA:1,isTokenInvalidated
DA:1,3
DA:3,3
DA:9,3
DA:15,3
DA:16,0
DA:17,0
DA:18,0
DA:20,0
DA:21,0
DA:22,0
DA:23,0
DA:24,0
DA:25,0
DA:34,3
DA:35,0
DA:36,0
DA:37,0
DA:38,0
DA:44,3
DA:45,1
DA:46,1
LF:21
LH:8
BRDA:18,0,0,0
BRDA:18,0,1,0
BRDA:24,1,0,0
BRDA:24,1,1,0
BRDA:45,2,0,1
BRDA:45,2,1,1
BRF:6
BRH:2
end_of_record
TN:
SF:src/shared/database/data-source.ts
FN:17,createDataSource
FN:26,getAppDataSource
FN:30,setAppDataSource
FNF:3
FNH:3
FNDA:6,createDataSource
FNDA:74,getAppDataSource
FNDA:6,setAppDataSource
DA:1,6
DA:2,6
DA:3,6
DA:5,6
DA:17,6
DA:19,6
DA:20,6
DA:24,6
DA:25,6
DA:26,6
DA:27,74
DA:30,6
DA:31,6
LF:13
LH:13
BRDA:19,0,0,6
BRDA:19,0,1,6
BRF:2
BRH:2
end_of_record
TN:
SF:src/shared/errors/ApiError.ts
FN:10,(anonymous_0)
FN:24,(anonymous_1)
FN:28,(anonymous_2)
FN:32,(anonymous_3)
FN:36,(anonymous_4)
FN:40,(anonymous_5)
FN:44,(anonymous_6)
FN:48,(anonymous_7)
FNF:8
FNH:8
FNDA:39,(anonymous_0)
FNDA:32,(anonymous_1)
FNDA:5,(anonymous_2)
FNDA:5,(anonymous_3)
FNDA:5,(anonymous_4)
FNDA:5,(anonymous_5)
FNDA:5,(anonymous_6)
FNDA:5,(anonymous_7)
DA:6,2
DA:11,39
DA:12,39
DA:13,39
DA:14,39
DA:17,39
DA:24,2
DA:25,32
DA:28,2
DA:29,5
DA:32,2
DA:33,5
DA:36,2
DA:37,5
DA:40,2
DA:41,5
DA:44,2
DA:45,5
DA:48,2
DA:49,5
LF:20
LH:20
BRDA:28,0,0,4
BRDA:32,1,0,4
BRDA:36,2,0,4
BRDA:40,3,0,4
BRDA:44,4,0,4
BRDA:48,5,0,4
BRF:6
BRH:6
end_of_record
TN:
SF:src/shared/middleware/cors.ts
FN:4,createCorsMiddleware
FN:6,(anonymous_2)
FNF:2
FNH:2
FNDA:1,createCorsMiddleware
FNDA:1,(anonymous_2)
DA:1,1
DA:4,1
DA:5,1
DA:6,1
DA:7,1
LF:5
LH:5
BRDA:5,0,0,1
BRDA:5,0,1,0
BRDA:6,1,0,1
BRDA:6,1,1,0
BRDA:7,2,0,1
BRDA:7,2,1,0
BRF:6
BRH:3
end_of_record
TN:
SF:src/shared/middleware/ensureAdmin.ts
FN:5,(anonymous_0)
FN:6,(anonymous_1)
FNF:2
FNH:0
FNDA:0,(anonymous_0)
FNDA:0,(anonymous_1)
DA:2,1
DA:5,1
DA:6,0
DA:7,0
DA:8,0
DA:9,0
DA:10,0
DA:13,0
DA:16,1
LF:9
LH:3
BRDA:8,0,0,0
BRDA:8,0,1,0
BRDA:9,1,0,0
BRDA:9,1,1,0
BRF:4
BRH:0
end_of_record
TN:
SF:src/shared/middleware/ensureManager.ts
FN:5,(anonymous_0)
FN:6,(anonymous_1)
FNF:2
FNH:0
FNDA:0,(anonymous_0)
FNDA:0,(anonymous_1)
DA:2,1
DA:5,1
DA:6,0
DA:7,0
DA:8,0
DA:9,0
DA:10,0
DA:13,0
DA:16,1
LF:9
LH:3
BRDA:8,0,0,0
BRDA:8,0,1,0
BRDA:9,1,0,0
BRDA:9,1,1,0
BRDA:9,2,0,0
BRDA:9,2,1,0
BRF:6
BRH:0
end_of_record
TN:
SF:src/shared/middleware/errorHandler.ts
FN:3,errorHandler
FNF:1
FNH:1
FNDA:30,errorHandler
DA:3,2
DA:4,30
DA:5,30
DA:6,1
DA:8,30
LF:5
LH:5
BRDA:4,0,0,30
BRDA:4,0,1,4
BRDA:5,1,0,1
BRDA:5,1,1,29
BRDA:8,2,0,30
BRDA:8,2,1,5
BRF:6
BRH:6
end_of_record
TN:
SF:src/shared/middleware/rateLimiter.ts
FN:13,createRateLimiter
FN:16,(anonymous_1)
FNF:2
FNH:1
FNDA:1,createRateLimiter
FNDA:0,(anonymous_1)
DA:13,1
DA:14,1
DA:16,1
DA:17,0
DA:20,0
DA:21,0
DA:22,0
DA:26,0
DA:27,0
DA:29,0
DA:30,0
DA:31,0
DA:34,0
DA:36,0
DA:37,0
DA:38,0
DA:41,0
LF:17
LH:3
BRDA:21,0,0,0
BRDA:21,0,1,0
BRDA:26,1,0,0
BRDA:26,1,1,0
BRDA:29,2,0,0
BRDA:29,2,1,0
BRDA:36,3,0,0
BRDA:36,3,1,0
BRF:8
BRH:0
end_of_record
TN:
SF:src/shared/redis/redis-client.ts
FN:7,getBullMQConnectionOptions
FN:22,getRedisClient
FNF:2
FNH:0
FNDA:0,getBullMQConnectionOptions
FNDA:0,getRedisClient
DA:1,3
DA:7,3
DA:8,0
DA:16,3
DA:22,3
DA:23,0
DA:24,0
DA:26,0
LF:8
LH:4
BRDA:9,0,0,0
BRDA:9,0,1,0
BRDA:10,1,0,0
BRDA:10,1,1,0
BRDA:11,2,0,0
BRDA:11,2,1,0
BRDA:23,3,0,0
BRDA:23,3,1,0
BRF:8
BRH:0
end_of_record
TN:
SF:src/shared/test-helpers/createTestDataSource.ts
FN:14,createTestDataSource
FN:22,(anonymous_1)
FN:29,(anonymous_2)
FN:35,(anonymous_3)
FN:47,(anonymous_4)
FN:54,(anonymous_5)
FNF:6
FNH:4
FNDA:5,createTestDataSource
FNDA:5,(anonymous_1)
FNDA:10,(anonymous_2)
FNDA:0,(anonymous_3)
FNDA:42,(anonymous_4)
FNDA:0,(anonymous_5)
DA:1,5
DA:2,5
DA:4,5
DA:5,5
DA:6,5
DA:7,5
DA:8,5
DA:9,5
DA:10,5
DA:12,5
DA:14,5
DA:15,5
DA:19,5
DA:22,5
DA:26,5
DA:29,10
DA:32,5
DA:35,0
DA:43,5
DA:47,42
DA:50,5
DA:54,0
DA:57,5
DA:64,5
DA:66,5
DA:68,5
LF:26
LH:24
BRF:0
BRH:0
end_of_record
TN:
SF:src/shared/test-helpers/runWithTestAuth.ts
FN:3,runWithTestAuth
FN:7,(anonymous_1)
FN:8,(anonymous_2)
FNF:3
FNH:3
FNDA:40,runWithTestAuth
FNDA:40,(anonymous_1)
FNDA:40,(anonymous_2)
DA:1,3
DA:3,3
DA:7,40
DA:8,40
DA:9,40
LF:5
LH:5
BRF:0
BRH:0
end_of_record
TN:
SF:src/shared/utils/passwordUtils.ts
FN:9,hashPassword
FN:16,(anonymous_2)
FN:17,(anonymous_3)
FN:34,verifyPassword
FN:49,(anonymous_5)
FN:50,(anonymous_6)
FNF:6
FNH:6
FNDA:15,hashPassword
FNDA:11,(anonymous_2)
FNDA:11,(anonymous_3)
FNDA:9,verifyPassword
FNDA:4,(anonymous_5)
FNDA:4,(anonymous_6)
DA:1,1
DA:9,1
DA:10,15
DA:11,4
DA:14,11
DA:16,11
DA:17,11
DA:18,11
DA:19,0
DA:21,11
DA:34,1
DA:35,9
DA:36,2
DA:39,7
DA:40,1
DA:43,6
DA:45,6
DA:46,2
DA:49,4
DA:50,4
DA:51,4
DA:52,0
DA:54,4
DA:55,4
LF:24
LH:22
BRDA:10,0,0,4
BRDA:10,0,1,11
BRDA:10,1,0,15
BRDA:10,1,1,12
BRDA:18,2,0,0
BRDA:18,2,1,11
BRDA:35,3,0,2
BRDA:35,3,1,7
BRDA:35,4,0,9
BRDA:35,4,1,7
BRDA:39,5,0,1
BRDA:39,5,1,6
BRDA:39,6,0,7
BRDA:39,6,1,7
BRDA:45,7,0,2
BRDA:45,7,1,4
BRDA:45,8,0,6
BRDA:45,8,1,5
BRDA:51,9,0,0
BRDA:51,9,1,4
BRF:20
BRH:18
end_of_record
TN:
SF:src/shared/utils/validateEmail.ts
FN:1,isValidEmail
FNF:1
FNH:1
FNDA:16,isValidEmail
DA:1,3
DA:2,16
DA:4,12
DA:5,12
DA:8,3
LF:5
LH:5
BRDA:2,0,0,4
BRDA:2,0,1,12
BRDA:2,1,0,16
BRDA:2,1,1,13
BRF:4
BRH:4
end_of_record
